{"/home/domwick/Documents/Driven/projects/drivent1-ref-initial/src/app.ts": {"path":"/home/domwick/Documents/Driven/projects/drivent1-ref-initial/src/app.ts","statementMap":{"0":{"start":{"line":1,"column":0},"end":{"line":1,"column":26}},"1":{"start":{"line":2,"column":0},"end":{"line":2,"column":30}},"2":{"start":{"line":3,"column":0},"end":{"line":3,"column":43}},"3":{"start":{"line":4,"column":0},"end":{"line":4,"column":24}},"4":{"start":{"line":6,"column":0},"end":{"line":6,"column":60}},"5":{"start":{"line":8,"column":0},"end":{"line":8,"column":10}},"6":{"start":{"line":10,"column":0},"end":{"line":10,"column":56}},"7":{"start":{"line":11,"column":0},"end":{"line":11,"column":31}},"8":{"start":{"line":13,"column":12},"end":{"line":13,"column":21}},"9":{"start":{"line":14,"column":0},"end":{"line":19,"column":32}},"10":{"start":{"line":17,"column":33},"end":{"line":17,"column":48}},"11":{"start":{"line":22,"column":2},"end":{"line":22,"column":14}},"12":{"start":{"line":23,"column":2},"end":{"line":23,"column":30}},"13":{"start":{"line":21,"column":0},"end":{"line":21,"column":16}},"14":{"start":{"line":27,"column":2},"end":{"line":27,"column":23}},"15":{"start":{"line":26,"column":0},"end":{"line":26,"column":7}},"16":{"start":{"line":30,"column":0},"end":{"line":30,"column":19}}},"fnMap":{"0":{"name":"(anonymous_1)","decl":{"start":{"line":17,"column":18},"end":{"line":17,"column":19}},"loc":{"start":{"line":17,"column":33},"end":{"line":17,"column":48}}},"1":{"name":"init","decl":{"start":{"line":21,"column":16},"end":{"line":21,"column":20}},"loc":{"start":{"line":21,"column":20},"end":{"line":24,"column":1}}},"2":{"name":"close","decl":{"start":{"line":26,"column":22},"end":{"line":26,"column":27}},"loc":{"start":{"line":26,"column":27},"end":{"line":28,"column":1}}}},"branchMap":{},"s":{"0":1,"1":1,"2":1,"3":1,"4":1,"5":1,"6":1,"7":1,"8":1,"9":1,"10":0,"11":1,"12":1,"13":1,"14":0,"15":1,"16":1},"f":{"0":0,"1":1,"2":0},"b":{}}
,"/home/domwick/Documents/Driven/projects/drivent1-ref-initial/src/config/database.ts": {"path":"/home/domwick/Documents/Driven/projects/drivent1-ref-initial/src/config/database.ts","statementMap":{"0":{"start":{"line":1,"column":0},"end":{"line":1,"column":46}},"1":{"start":{"line":5,"column":2},"end":{"line":5,"column":30}},"2":{"start":{"line":4,"column":0},"end":{"line":4,"column":16}},"3":{"start":{"line":9,"column":2},"end":{"line":9,"column":30}},"4":{"start":{"line":8,"column":0},"end":{"line":8,"column":7}}},"fnMap":{"0":{"name":"connectDb","decl":{"start":{"line":4,"column":16},"end":{"line":4,"column":25}},"loc":{"start":{"line":4,"column":25},"end":{"line":6,"column":1}}},"1":{"name":"disconnectDB","decl":{"start":{"line":8,"column":22},"end":{"line":8,"column":34}},"loc":{"start":{"line":8,"column":34},"end":{"line":10,"column":1}}}},"branchMap":{},"s":{"0":1,"1":1,"2":1,"3":0,"4":1},"f":{"0":1,"1":0},"b":{}}
,"/home/domwick/Documents/Driven/projects/drivent1-ref-initial/src/config/envs.ts": {"path":"/home/domwick/Documents/Driven/projects/drivent1-ref-initial/src/config/envs.ts","statementMap":{"0":{"start":{"line":1,"column":0},"end":{"line":1,"column":28}},"1":{"start":{"line":2,"column":0},"end":{"line":2,"column":41}},"2":{"start":{"line":6,"column":4},"end":{"line":10,"column":14}},"3":{"start":{"line":12,"column":22},"end":{"line":12,"column":45}},"4":{"start":{"line":13,"column":2},"end":{"line":13,"column":35}},"5":{"start":{"line":4,"column":0},"end":{"line":4,"column":16}}},"fnMap":{"0":{"name":"loadEnv","decl":{"start":{"line":4,"column":16},"end":{"line":4,"column":23}},"loc":{"start":{"line":4,"column":23},"end":{"line":14,"column":1}}}},"branchMap":{"0":{"loc":{"start":{"line":6,"column":4},"end":{"line":10,"column":14}},"type":"cond-expr","locations":[{"start":{"line":7,"column":8},"end":{"line":7,"column":19}},{"start":{"line":8,"column":8},"end":{"line":10,"column":14}}]},"1":{"loc":{"start":{"line":8,"column":8},"end":{"line":10,"column":14}},"type":"cond-expr","locations":[{"start":{"line":9,"column":8},"end":{"line":9,"column":26}},{"start":{"line":10,"column":8},"end":{"line":10,"column":14}}]}},"s":{"0":1,"1":1,"2":2,"3":2,"4":2,"5":1},"f":{"0":2},"b":{"0":[2,0],"1":[0,0]}}
,"/home/domwick/Documents/Driven/projects/drivent1-ref-initial/src/config/index.ts": {"path":"/home/domwick/Documents/Driven/projects/drivent1-ref-initial/src/config/index.ts","statementMap":{"0":{"start":{"line":1,"column":0},"end":{"line":1,"column":23}},"1":{"start":{"line":2,"column":0},"end":{"line":2,"column":27}}},"fnMap":{},"branchMap":{},"s":{"0":1,"1":1},"f":{},"b":{}}
,"/home/domwick/Documents/Driven/projects/drivent1-ref-initial/src/controllers/authentication-controller.ts": {"path":"/home/domwick/Documents/Driven/projects/drivent1-ref-initial/src/controllers/authentication-controller.ts","statementMap":{"0":{"start":{"line":2,"column":0},"end":{"line":2,"column":37}},"1":{"start":{"line":3,"column":0},"end":{"line":3,"column":88}},"2":{"start":{"line":6,"column":30},"end":{"line":6,"column":54}},"3":{"start":{"line":8,"column":2},"end":{"line":14,"column":null}},"4":{"start":{"line":9,"column":19},"end":{"line":9,"column":74}},"5":{"start":{"line":11,"column":4},"end":{"line":11,"column":50}},"6":{"start":{"line":13,"column":4},"end":{"line":13,"column":56}},"7":{"start":{"line":5,"column":0},"end":{"line":5,"column":7}}},"fnMap":{"0":{"name":"singInPost","decl":{"start":{"line":5,"column":22},"end":{"line":5,"column":32}},"loc":{"start":{"line":5,"column":60},"end":{"line":15,"column":1}}}},"branchMap":{},"s":{"0":1,"1":1,"2":0,"3":0,"4":0,"5":0,"6":0,"7":1},"f":{"0":0},"b":{}}
,"/home/domwick/Documents/Driven/projects/drivent1-ref-initial/src/controllers/bookings-controller.ts": {"path":"/home/domwick/Documents/Driven/projects/drivent1-ref-initial/src/controllers/bookings-controller.ts","statementMap":{"0":{"start":{"line":2,"column":0},"end":{"line":2,"column":37}},"1":{"start":{"line":4,"column":0},"end":{"line":4,"column":58}},"2":{"start":{"line":7,"column":21},"end":{"line":7,"column":24}},"3":{"start":{"line":8,"column":2},"end":{"line":23,"column":null}},"4":{"start":{"line":9,"column":20},"end":{"line":9,"column":60}},"5":{"start":{"line":10,"column":4},"end":{"line":10,"column":51}},"6":{"start":{"line":12,"column":4},"end":{"line":17,"column":49}},"7":{"start":{"line":17,"column":6},"end":{"line":17,"column":49}},"8":{"start":{"line":18,"column":4},"end":{"line":20,"column":49}},"9":{"start":{"line":20,"column":6},"end":{"line":20,"column":49}},"10":{"start":{"line":21,"column":4},"end":{"line":21,"column":31}},"11":{"start":{"line":22,"column":4},"end":{"line":22,"column":66}},"12":{"start":{"line":6,"column":0},"end":{"line":6,"column":7}},"13":{"start":{"line":27,"column":21},"end":{"line":27,"column":24}},"14":{"start":{"line":28,"column":21},"end":{"line":28,"column":51}},"15":{"start":{"line":29,"column":2},"end":{"line":45,"column":null}},"16":{"start":{"line":30,"column":30},"end":{"line":30,"column":81}},"17":{"start":{"line":31,"column":4},"end":{"line":31,"column":47}},"18":{"start":{"line":33,"column":4},"end":{"line":39,"column":49}},"19":{"start":{"line":39,"column":6},"end":{"line":39,"column":49}},"20":{"start":{"line":40,"column":4},"end":{"line":42,"column":49}},"21":{"start":{"line":42,"column":6},"end":{"line":42,"column":49}},"22":{"start":{"line":43,"column":4},"end":{"line":43,"column":31}},"23":{"start":{"line":44,"column":4},"end":{"line":44,"column":66}},"24":{"start":{"line":26,"column":0},"end":{"line":26,"column":7}},"25":{"start":{"line":49,"column":21},"end":{"line":49,"column":24}},"26":{"start":{"line":50,"column":21},"end":{"line":50,"column":51}},"27":{"start":{"line":51,"column":20},"end":{"line":51,"column":48}},"28":{"start":{"line":52,"column":2},"end":{"line":65,"column":null}},"29":{"start":{"line":53,"column":4},"end":{"line":53,"column":67}},"30":{"start":{"line":54,"column":4},"end":{"line":54,"column":47}},"31":{"start":{"line":56,"column":4},"end":{"line":61,"column":49}},"32":{"start":{"line":61,"column":6},"end":{"line":61,"column":49}},"33":{"start":{"line":62,"column":4},"end":{"line":62,"column":87}},"34":{"start":{"line":62,"column":44},"end":{"line":62,"column":87}},"35":{"start":{"line":63,"column":4},"end":{"line":63,"column":31}},"36":{"start":{"line":64,"column":4},"end":{"line":64,"column":66}},"37":{"start":{"line":48,"column":0},"end":{"line":48,"column":7}}},"fnMap":{"0":{"name":"getBooking","decl":{"start":{"line":6,"column":22},"end":{"line":6,"column":32}},"loc":{"start":{"line":6,"column":73},"end":{"line":24,"column":1}}},"1":{"name":"createBooking","decl":{"start":{"line":26,"column":22},"end":{"line":26,"column":35}},"loc":{"start":{"line":26,"column":76},"end":{"line":46,"column":1}}},"2":{"name":"updateBooking","decl":{"start":{"line":48,"column":22},"end":{"line":48,"column":35}},"loc":{"start":{"line":48,"column":76},"end":{"line":66,"column":1}}}},"branchMap":{"0":{"loc":{"start":{"line":12,"column":4},"end":{"line":17,"column":49}},"type":"if","locations":[{"start":{"line":12,"column":4},"end":{"line":17,"column":49}}]},"1":{"loc":{"start":{"line":13,"column":6},"end":{"line":15,"column":44}},"type":"binary-expr","locations":[{"start":{"line":13,"column":6},"end":{"line":13,"column":41}},{"start":{"line":14,"column":6},"end":{"line":14,"column":40}},{"start":{"line":15,"column":6},"end":{"line":15,"column":44}}]},"2":{"loc":{"start":{"line":18,"column":4},"end":{"line":20,"column":49}},"type":"if","locations":[{"start":{"line":18,"column":4},"end":{"line":20,"column":49}}]},"3":{"loc":{"start":{"line":18,"column":8},"end":{"line":19,"column":43}},"type":"binary-expr","locations":[{"start":{"line":18,"column":8},"end":{"line":18,"column":42}},{"start":{"line":19,"column":6},"end":{"line":19,"column":43}}]},"4":{"loc":{"start":{"line":33,"column":4},"end":{"line":39,"column":49}},"type":"if","locations":[{"start":{"line":33,"column":4},"end":{"line":39,"column":49}}]},"5":{"loc":{"start":{"line":34,"column":6},"end":{"line":37,"column":43}},"type":"binary-expr","locations":[{"start":{"line":34,"column":6},"end":{"line":34,"column":41}},{"start":{"line":35,"column":6},"end":{"line":35,"column":40}},{"start":{"line":36,"column":6},"end":{"line":36,"column":44}},{"start":{"line":37,"column":6},"end":{"line":37,"column":43}}]},"6":{"loc":{"start":{"line":40,"column":4},"end":{"line":42,"column":49}},"type":"if","locations":[{"start":{"line":40,"column":4},"end":{"line":42,"column":49}}]},"7":{"loc":{"start":{"line":40,"column":8},"end":{"line":41,"column":43}},"type":"binary-expr","locations":[{"start":{"line":40,"column":8},"end":{"line":40,"column":42}},{"start":{"line":41,"column":6},"end":{"line":41,"column":43}}]},"8":{"loc":{"start":{"line":56,"column":4},"end":{"line":61,"column":49}},"type":"if","locations":[{"start":{"line":56,"column":4},"end":{"line":61,"column":49}}]},"9":{"loc":{"start":{"line":57,"column":6},"end":{"line":59,"column":44}},"type":"binary-expr","locations":[{"start":{"line":57,"column":6},"end":{"line":57,"column":41}},{"start":{"line":58,"column":6},"end":{"line":58,"column":40}},{"start":{"line":59,"column":6},"end":{"line":59,"column":44}}]},"10":{"loc":{"start":{"line":62,"column":4},"end":{"line":62,"column":87}},"type":"if","locations":[{"start":{"line":62,"column":4},"end":{"line":62,"column":87}}]}},"s":{"0":1,"1":1,"2":3,"3":3,"4":3,"5":1,"6":2,"7":1,"8":1,"9":1,"10":0,"11":0,"12":1,"13":3,"14":3,"15":3,"16":3,"17":1,"18":2,"19":1,"20":1,"21":1,"22":0,"23":0,"24":1,"25":0,"26":0,"27":0,"28":0,"29":0,"30":0,"31":0,"32":0,"33":0,"34":0,"35":0,"36":0,"37":1},"f":{"0":3,"1":3,"2":0},"b":{"0":[1],"1":[2,1,1],"2":[1],"3":[1,1],"4":[1],"5":[2,2,2,2],"6":[1],"7":[1,0],"8":[0],"9":[0,0,0],"10":[0]}}
,"/home/domwick/Documents/Driven/projects/drivent1-ref-initial/src/controllers/enrollments-controller.ts": {"path":"/home/domwick/Documents/Driven/projects/drivent1-ref-initial/src/controllers/enrollments-controller.ts","statementMap":{"0":{"start":{"line":2,"column":0},"end":{"line":2,"column":37}},"1":{"start":{"line":4,"column":0},"end":{"line":4,"column":64}},"2":{"start":{"line":7,"column":21},"end":{"line":7,"column":24}},"3":{"start":{"line":9,"column":2},"end":{"line":15,"column":null}},"4":{"start":{"line":10,"column":34},"end":{"line":10,"column":92}},"5":{"start":{"line":12,"column":4},"end":{"line":12,"column":65}},"6":{"start":{"line":14,"column":4},"end":{"line":14,"column":49}},"7":{"start":{"line":6,"column":0},"end":{"line":6,"column":7}},"8":{"start":{"line":19,"column":2},"end":{"line":28,"column":null}},"9":{"start":{"line":20,"column":4},"end":{"line":23,"column":7}},"10":{"start":{"line":25,"column":4},"end":{"line":25,"column":41}},"11":{"start":{"line":27,"column":4},"end":{"line":27,"column":50}},"12":{"start":{"line":18,"column":0},"end":{"line":18,"column":7}},"13":{"start":{"line":32,"column":18},"end":{"line":32,"column":46}},"14":{"start":{"line":34,"column":2},"end":{"line":41,"column":null}},"15":{"start":{"line":35,"column":20},"end":{"line":35,"column":67}},"16":{"start":{"line":36,"column":4},"end":{"line":36,"column":44}},"17":{"start":{"line":38,"column":4},"end":{"line":40,"column":null}},"18":{"start":{"line":39,"column":6},"end":{"line":39,"column":51}},"19":{"start":{"line":31,"column":0},"end":{"line":31,"column":7}}},"fnMap":{"0":{"name":"getEnrollmentByUser","decl":{"start":{"line":6,"column":22},"end":{"line":6,"column":41}},"loc":{"start":{"line":6,"column":82},"end":{"line":16,"column":1}}},"1":{"name":"postCreateOrUpdateEnrollment","decl":{"start":{"line":18,"column":22},"end":{"line":18,"column":50}},"loc":{"start":{"line":18,"column":91},"end":{"line":29,"column":1}}},"2":{"name":"getAddressFromCEP","decl":{"start":{"line":31,"column":22},"end":{"line":31,"column":39}},"loc":{"start":{"line":31,"column":80},"end":{"line":42,"column":1}}}},"branchMap":{"0":{"loc":{"start":{"line":38,"column":4},"end":{"line":40,"column":null}},"type":"if","locations":[{"start":{"line":38,"column":4},"end":{"line":40,"column":null}}]},"1":{"loc":{"start":{"line":38,"column":8},"end":{"line":38,"column":72}},"type":"binary-expr","locations":[{"start":{"line":38,"column":8},"end":{"line":38,"column":38}},{"start":{"line":38,"column":42},"end":{"line":38,"column":72}}]}},"s":{"0":1,"1":1,"2":0,"3":0,"4":0,"5":0,"6":0,"7":1,"8":0,"9":0,"10":0,"11":0,"12":1,"13":0,"14":0,"15":0,"16":0,"17":0,"18":0,"19":1},"f":{"0":0,"1":0,"2":0},"b":{"0":[0],"1":[0,0]}}
,"/home/domwick/Documents/Driven/projects/drivent1-ref-initial/src/controllers/events-controller.ts": {"path":"/home/domwick/Documents/Driven/projects/drivent1-ref-initial/src/controllers/events-controller.ts","statementMap":{"0":{"start":{"line":2,"column":0},"end":{"line":2,"column":37}},"1":{"start":{"line":3,"column":0},"end":{"line":3,"column":54}},"2":{"start":{"line":6,"column":2},"end":{"line":11,"column":null}},"3":{"start":{"line":7,"column":18},"end":{"line":7,"column":53}},"4":{"start":{"line":8,"column":4},"end":{"line":8,"column":49}},"5":{"start":{"line":10,"column":4},"end":{"line":10,"column":53}},"6":{"start":{"line":5,"column":0},"end":{"line":5,"column":7}}},"fnMap":{"0":{"name":"getDefaultEvent","decl":{"start":{"line":5,"column":22},"end":{"line":5,"column":37}},"loc":{"start":{"line":5,"column":66},"end":{"line":12,"column":1}}}},"branchMap":{},"s":{"0":1,"1":1,"2":0,"3":0,"4":0,"5":0,"6":1},"f":{"0":0},"b":{}}
,"/home/domwick/Documents/Driven/projects/drivent1-ref-initial/src/controllers/hotels-controller.ts": {"path":"/home/domwick/Documents/Driven/projects/drivent1-ref-initial/src/controllers/hotels-controller.ts","statementMap":{"0":{"start":{"line":2,"column":0},"end":{"line":2,"column":37}},"1":{"start":{"line":4,"column":0},"end":{"line":4,"column":54}},"2":{"start":{"line":7,"column":21},"end":{"line":7,"column":24}},"3":{"start":{"line":8,"column":19},"end":{"line":8,"column":44}},"4":{"start":{"line":10,"column":2},"end":{"line":27,"column":null}},"5":{"start":{"line":11,"column":19},"end":{"line":11,"column":66}},"6":{"start":{"line":12,"column":4},"end":{"line":12,"column":50}},"7":{"start":{"line":14,"column":4},"end":{"line":19,"column":73}},"8":{"start":{"line":19,"column":6},"end":{"line":19,"column":73}},"9":{"start":{"line":20,"column":4},"end":{"line":26,"column":66}},"10":{"start":{"line":26,"column":6},"end":{"line":26,"column":66}},"11":{"start":{"line":6,"column":0},"end":{"line":6,"column":7}},"12":{"start":{"line":31,"column":21},"end":{"line":31,"column":24}},"13":{"start":{"line":32,"column":18},"end":{"line":32,"column":44}},"14":{"start":{"line":33,"column":19},"end":{"line":33,"column":44}},"15":{"start":{"line":34,"column":2},"end":{"line":52,"column":null}},"16":{"start":{"line":35,"column":19},"end":{"line":35,"column":78}},"17":{"start":{"line":36,"column":4},"end":{"line":36,"column":50}},"18":{"start":{"line":38,"column":4},"end":{"line":43,"column":73}},"19":{"start":{"line":43,"column":6},"end":{"line":43,"column":73}},"20":{"start":{"line":44,"column":4},"end":{"line":51,"column":null}},"21":{"start":{"line":50,"column":6},"end":{"line":50,"column":66}},"22":{"start":{"line":30,"column":0},"end":{"line":30,"column":7}}},"fnMap":{"0":{"name":"getHotels","decl":{"start":{"line":6,"column":22},"end":{"line":6,"column":31}},"loc":{"start":{"line":6,"column":72},"end":{"line":28,"column":1}}},"1":{"name":"getHotelById","decl":{"start":{"line":30,"column":22},"end":{"line":30,"column":34}},"loc":{"start":{"line":30,"column":75},"end":{"line":53,"column":1}}}},"branchMap":{"0":{"loc":{"start":{"line":14,"column":4},"end":{"line":19,"column":73}},"type":"if","locations":[{"start":{"line":14,"column":4},"end":{"line":19,"column":73}}]},"1":{"loc":{"start":{"line":15,"column":6},"end":{"line":17,"column":44}},"type":"binary-expr","locations":[{"start":{"line":15,"column":6},"end":{"line":15,"column":41}},{"start":{"line":16,"column":6},"end":{"line":16,"column":40}},{"start":{"line":17,"column":6},"end":{"line":17,"column":44}}]},"2":{"loc":{"start":{"line":20,"column":4},"end":{"line":26,"column":66}},"type":"if","locations":[{"start":{"line":20,"column":4},"end":{"line":26,"column":66}}]},"3":{"loc":{"start":{"line":21,"column":6},"end":{"line":24,"column":41}},"type":"binary-expr","locations":[{"start":{"line":21,"column":6},"end":{"line":21,"column":36}},{"start":{"line":22,"column":6},"end":{"line":22,"column":42}},{"start":{"line":23,"column":6},"end":{"line":23,"column":40}},{"start":{"line":24,"column":6},"end":{"line":24,"column":41}}]},"4":{"loc":{"start":{"line":38,"column":4},"end":{"line":43,"column":73}},"type":"if","locations":[{"start":{"line":38,"column":4},"end":{"line":43,"column":73}}]},"5":{"loc":{"start":{"line":39,"column":6},"end":{"line":41,"column":44}},"type":"binary-expr","locations":[{"start":{"line":39,"column":6},"end":{"line":39,"column":41}},{"start":{"line":40,"column":6},"end":{"line":40,"column":40}},{"start":{"line":41,"column":6},"end":{"line":41,"column":44}}]},"6":{"loc":{"start":{"line":44,"column":4},"end":{"line":51,"column":null}},"type":"if","locations":[{"start":{"line":44,"column":4},"end":{"line":51,"column":null}}]},"7":{"loc":{"start":{"line":45,"column":6},"end":{"line":48,"column":41}},"type":"binary-expr","locations":[{"start":{"line":45,"column":6},"end":{"line":45,"column":36}},{"start":{"line":46,"column":6},"end":{"line":46,"column":42}},{"start":{"line":47,"column":6},"end":{"line":47,"column":40}},{"start":{"line":48,"column":6},"end":{"line":48,"column":41}}]}},"s":{"0":1,"1":1,"2":0,"3":0,"4":0,"5":0,"6":0,"7":0,"8":0,"9":0,"10":0,"11":1,"12":0,"13":0,"14":0,"15":0,"16":0,"17":0,"18":0,"19":0,"20":0,"21":0,"22":1},"f":{"0":0,"1":0},"b":{"0":[0],"1":[0,0,0],"2":[0],"3":[0,0,0,0],"4":[0],"5":[0,0,0],"6":[0],"7":[0,0,0,0]}}
,"/home/domwick/Documents/Driven/projects/drivent1-ref-initial/src/controllers/index.ts": {"path":"/home/domwick/Documents/Driven/projects/drivent1-ref-initial/src/controllers/index.ts","statementMap":{"0":{"start":{"line":1,"column":0},"end":{"line":1,"column":35}},"1":{"start":{"line":2,"column":0},"end":{"line":2,"column":44}},"2":{"start":{"line":3,"column":0},"end":{"line":3,"column":36}},"3":{"start":{"line":4,"column":0},"end":{"line":4,"column":41}},"4":{"start":{"line":5,"column":0},"end":{"line":5,"column":37}},"5":{"start":{"line":6,"column":0},"end":{"line":6,"column":38}},"6":{"start":{"line":7,"column":0},"end":{"line":7,"column":38}}},"fnMap":{},"branchMap":{},"s":{"0":1,"1":1,"2":1,"3":1,"4":1,"5":1,"6":1},"f":{},"b":{}}
,"/home/domwick/Documents/Driven/projects/drivent1-ref-initial/src/controllers/payments-controller.ts": {"path":"/home/domwick/Documents/Driven/projects/drivent1-ref-initial/src/controllers/payments-controller.ts","statementMap":{"0":{"start":{"line":2,"column":0},"end":{"line":2,"column":37}},"1":{"start":{"line":4,"column":0},"end":{"line":4,"column":58}},"2":{"start":{"line":8,"column":19},"end":{"line":8,"column":45}},"3":{"start":{"line":9,"column":21},"end":{"line":9,"column":24}},"4":{"start":{"line":10,"column":2},"end":{"line":17,"column":null}},"5":{"start":{"line":11,"column":20},"end":{"line":11,"column":70}},"6":{"start":{"line":12,"column":4},"end":{"line":12,"column":51}},"7":{"start":{"line":14,"column":4},"end":{"line":14,"column":86}},"8":{"start":{"line":14,"column":40},"end":{"line":14,"column":86}},"9":{"start":{"line":15,"column":4},"end":{"line":15,"column":90}},"10":{"start":{"line":15,"column":46},"end":{"line":15,"column":90}},"11":{"start":{"line":16,"column":4},"end":{"line":16,"column":90}},"12":{"start":{"line":16,"column":43},"end":{"line":16,"column":90}},"13":{"start":{"line":7,"column":0},"end":{"line":7,"column":7}},"14":{"start":{"line":21,"column":33},"end":{"line":21,"column":56}},"15":{"start":{"line":22,"column":21},"end":{"line":22,"column":24}},"16":{"start":{"line":23,"column":2},"end":{"line":34,"column":null}},"17":{"start":{"line":24,"column":21},"end":{"line":24,"column":88}},"18":{"start":{"line":26,"column":4},"end":{"line":26,"column":63}},"19":{"start":{"line":26,"column":19},"end":{"line":26,"column":63}},"20":{"start":{"line":28,"column":4},"end":{"line":28,"column":52}},"21":{"start":{"line":30,"column":4},"end":{"line":30,"column":86}},"22":{"start":{"line":30,"column":40},"end":{"line":30,"column":86}},"23":{"start":{"line":31,"column":4},"end":{"line":32,"column":50}},"24":{"start":{"line":32,"column":6},"end":{"line":32,"column":50}},"25":{"start":{"line":33,"column":4},"end":{"line":33,"column":90}},"26":{"start":{"line":33,"column":43},"end":{"line":33,"column":90}},"27":{"start":{"line":20,"column":0},"end":{"line":20,"column":7}}},"fnMap":{"0":{"name":"getPayment","decl":{"start":{"line":7,"column":22},"end":{"line":7,"column":32}},"loc":{"start":{"line":7,"column":73},"end":{"line":18,"column":1}}},"1":{"name":"createPayment","decl":{"start":{"line":20,"column":22},"end":{"line":20,"column":35}},"loc":{"start":{"line":20,"column":76},"end":{"line":35,"column":1}}}},"branchMap":{"0":{"loc":{"start":{"line":14,"column":4},"end":{"line":14,"column":86}},"type":"if","locations":[{"start":{"line":14,"column":4},"end":{"line":14,"column":86}}]},"1":{"loc":{"start":{"line":15,"column":4},"end":{"line":15,"column":90}},"type":"if","locations":[{"start":{"line":15,"column":4},"end":{"line":15,"column":90}}]},"2":{"loc":{"start":{"line":16,"column":4},"end":{"line":16,"column":90}},"type":"if","locations":[{"start":{"line":16,"column":4},"end":{"line":16,"column":90}}]},"3":{"loc":{"start":{"line":26,"column":4},"end":{"line":26,"column":63}},"type":"if","locations":[{"start":{"line":26,"column":4},"end":{"line":26,"column":63}}]},"4":{"loc":{"start":{"line":30,"column":4},"end":{"line":30,"column":86}},"type":"if","locations":[{"start":{"line":30,"column":4},"end":{"line":30,"column":86}}]},"5":{"loc":{"start":{"line":31,"column":4},"end":{"line":32,"column":50}},"type":"if","locations":[{"start":{"line":31,"column":4},"end":{"line":32,"column":50}}]},"6":{"loc":{"start":{"line":31,"column":8},"end":{"line":31,"column":82}},"type":"binary-expr","locations":[{"start":{"line":31,"column":8},"end":{"line":31,"column":44}},{"start":{"line":31,"column":48},"end":{"line":31,"column":82}}]},"7":{"loc":{"start":{"line":33,"column":4},"end":{"line":33,"column":90}},"type":"if","locations":[{"start":{"line":33,"column":4},"end":{"line":33,"column":90}}]}},"s":{"0":1,"1":1,"2":0,"3":0,"4":0,"5":0,"6":0,"7":0,"8":0,"9":0,"10":0,"11":0,"12":0,"13":1,"14":0,"15":0,"16":0,"17":0,"18":0,"19":0,"20":0,"21":0,"22":0,"23":0,"24":0,"25":0,"26":0,"27":1},"f":{"0":0,"1":0},"b":{"0":[0],"1":[0],"2":[0],"3":[0],"4":[0],"5":[0],"6":[0,0],"7":[0]}}
,"/home/domwick/Documents/Driven/projects/drivent1-ref-initial/src/controllers/tickets-controller.ts": {"path":"/home/domwick/Documents/Driven/projects/drivent1-ref-initial/src/controllers/tickets-controller.ts","statementMap":{"0":{"start":{"line":2,"column":0},"end":{"line":2,"column":37}},"1":{"start":{"line":4,"column":0},"end":{"line":4,"column":56}},"2":{"start":{"line":7,"column":2},"end":{"line":12,"column":null}},"3":{"start":{"line":8,"column":25},"end":{"line":8,"column":63}},"4":{"start":{"line":9,"column":4},"end":{"line":9,"column":56}},"5":{"start":{"line":11,"column":4},"end":{"line":11,"column":49}},"6":{"start":{"line":6,"column":0},"end":{"line":6,"column":7}},"7":{"start":{"line":16,"column":21},"end":{"line":16,"column":24}},"8":{"start":{"line":17,"column":2},"end":{"line":22,"column":null}},"9":{"start":{"line":18,"column":19},"end":{"line":18,"column":58}},"10":{"start":{"line":19,"column":4},"end":{"line":19,"column":50}},"11":{"start":{"line":21,"column":4},"end":{"line":21,"column":84}},"12":{"start":{"line":21,"column":40},"end":{"line":21,"column":84}},"13":{"start":{"line":15,"column":0},"end":{"line":15,"column":7}},"14":{"start":{"line":26,"column":27},"end":{"line":26,"column":63}},"15":{"start":{"line":27,"column":21},"end":{"line":27,"column":24}},"16":{"start":{"line":28,"column":2},"end":{"line":34,"column":null}},"17":{"start":{"line":29,"column":19},"end":{"line":29,"column":74}},"18":{"start":{"line":30,"column":4},"end":{"line":30,"column":55}},"19":{"start":{"line":32,"column":4},"end":{"line":32,"column":84}},"20":{"start":{"line":32,"column":40},"end":{"line":32,"column":84}},"21":{"start":{"line":33,"column":4},"end":{"line":33,"column":86}},"22":{"start":{"line":33,"column":40},"end":{"line":33,"column":86}},"23":{"start":{"line":25,"column":0},"end":{"line":25,"column":7}}},"fnMap":{"0":{"name":"getTicketsTypes","decl":{"start":{"line":6,"column":22},"end":{"line":6,"column":37}},"loc":{"start":{"line":6,"column":78},"end":{"line":13,"column":1}}},"1":{"name":"getTickets","decl":{"start":{"line":15,"column":22},"end":{"line":15,"column":32}},"loc":{"start":{"line":15,"column":73},"end":{"line":23,"column":1}}},"2":{"name":"postTicket","decl":{"start":{"line":25,"column":22},"end":{"line":25,"column":32}},"loc":{"start":{"line":25,"column":73},"end":{"line":35,"column":1}}}},"branchMap":{"0":{"loc":{"start":{"line":21,"column":4},"end":{"line":21,"column":84}},"type":"if","locations":[{"start":{"line":21,"column":4},"end":{"line":21,"column":84}}]},"1":{"loc":{"start":{"line":32,"column":4},"end":{"line":32,"column":84}},"type":"if","locations":[{"start":{"line":32,"column":4},"end":{"line":32,"column":84}}]},"2":{"loc":{"start":{"line":33,"column":4},"end":{"line":33,"column":86}},"type":"if","locations":[{"start":{"line":33,"column":4},"end":{"line":33,"column":86}}]}},"s":{"0":1,"1":1,"2":0,"3":0,"4":0,"5":0,"6":1,"7":0,"8":0,"9":0,"10":0,"11":0,"12":0,"13":1,"14":0,"15":0,"16":0,"17":0,"18":0,"19":0,"20":0,"21":0,"22":0,"23":1},"f":{"0":0,"1":0,"2":0},"b":{"0":[0],"1":[0],"2":[0]}}
,"/home/domwick/Documents/Driven/projects/drivent1-ref-initial/src/controllers/users-controller.ts": {"path":"/home/domwick/Documents/Driven/projects/drivent1-ref-initial/src/controllers/users-controller.ts","statementMap":{"0":{"start":{"line":2,"column":0},"end":{"line":2,"column":37}},"1":{"start":{"line":3,"column":0},"end":{"line":3,"column":51}},"2":{"start":{"line":6,"column":30},"end":{"line":6,"column":38}},"3":{"start":{"line":8,"column":2},"end":{"line":19,"column":null}},"4":{"start":{"line":9,"column":17},"end":{"line":9,"column":66}},"5":{"start":{"line":10,"column":4},"end":{"line":13,"column":7}},"6":{"start":{"line":15,"column":4},"end":{"line":17,"column":null}},"7":{"start":{"line":16,"column":6},"end":{"line":16,"column":57}},"8":{"start":{"line":18,"column":4},"end":{"line":18,"column":58}},"9":{"start":{"line":5,"column":0},"end":{"line":5,"column":7}}},"fnMap":{"0":{"name":"usersPost","decl":{"start":{"line":5,"column":22},"end":{"line":5,"column":31}},"loc":{"start":{"line":5,"column":59},"end":{"line":20,"column":1}}}},"branchMap":{"0":{"loc":{"start":{"line":15,"column":4},"end":{"line":17,"column":null}},"type":"if","locations":[{"start":{"line":15,"column":4},"end":{"line":17,"column":null}}]}},"s":{"0":1,"1":1,"2":0,"3":0,"4":0,"5":0,"6":0,"7":0,"8":0,"9":1},"f":{"0":0},"b":{"0":[0]}}
,"/home/domwick/Documents/Driven/projects/drivent1-ref-initial/src/errors/cannot-enroll-before-start-date-error.ts": {"path":"/home/domwick/Documents/Driven/projects/drivent1-ref-initial/src/errors/cannot-enroll-before-start-date-error.ts","statementMap":{"0":{"start":{"line":4,"column":2},"end":{"line":7,"column":4}},"1":{"start":{"line":3,"column":0},"end":{"line":3,"column":16}}},"fnMap":{"0":{"name":"cannotEnrollBeforeStartDateError","decl":{"start":{"line":3,"column":16},"end":{"line":3,"column":48}},"loc":{"start":{"line":3,"column":48},"end":{"line":8,"column":1}}}},"branchMap":{},"s":{"0":0,"1":1},"f":{"0":0},"b":{}}
,"/home/domwick/Documents/Driven/projects/drivent1-ref-initial/src/errors/conflict-error.ts": {"path":"/home/domwick/Documents/Driven/projects/drivent1-ref-initial/src/errors/conflict-error.ts","statementMap":{"0":{"start":{"line":4,"column":2},"end":{"line":7,"column":4}},"1":{"start":{"line":3,"column":0},"end":{"line":3,"column":16}},"2":{"start":{"line":11,"column":2},"end":{"line":14,"column":null}},"3":{"start":{"line":10,"column":0},"end":{"line":10,"column":16}}},"fnMap":{"0":{"name":"conflictError","decl":{"start":{"line":3,"column":16},"end":{"line":3,"column":29}},"loc":{"start":{"line":3,"column":45},"end":{"line":8,"column":1}}},"1":{"name":"bookingConflictError","decl":{"start":{"line":10,"column":16},"end":{"line":10,"column":36}},"loc":{"start":{"line":10,"column":36},"end":{"line":15,"column":1}}}},"branchMap":{},"s":{"0":0,"1":1,"2":1,"3":1},"f":{"0":0,"1":1},"b":{}}
,"/home/domwick/Documents/Driven/projects/drivent1-ref-initial/src/errors/forbidden-errors.ts": {"path":"/home/domwick/Documents/Driven/projects/drivent1-ref-initial/src/errors/forbidden-errors.ts","statementMap":{"0":{"start":{"line":4,"column":2},"end":{"line":7,"column":4}},"1":{"start":{"line":3,"column":0},"end":{"line":3,"column":16}}},"fnMap":{"0":{"name":"maximumCapacityError","decl":{"start":{"line":3,"column":16},"end":{"line":3,"column":36}},"loc":{"start":{"line":3,"column":36},"end":{"line":8,"column":1}}}},"branchMap":{},"s":{"0":0,"1":1},"f":{"0":0},"b":{}}
,"/home/domwick/Documents/Driven/projects/drivent1-ref-initial/src/errors/index.ts": {"path":"/home/domwick/Documents/Driven/projects/drivent1-ref-initial/src/errors/index.ts","statementMap":{"0":{"start":{"line":1,"column":0},"end":{"line":1,"column":56}},"1":{"start":{"line":2,"column":0},"end":{"line":2,"column":33}},"2":{"start":{"line":3,"column":0},"end":{"line":3,"column":37}},"3":{"start":{"line":4,"column":0},"end":{"line":4,"column":38}},"4":{"start":{"line":5,"column":0},"end":{"line":5,"column":34}},"5":{"start":{"line":6,"column":0},"end":{"line":6,"column":37}},"6":{"start":{"line":7,"column":0},"end":{"line":7,"column":32}},"7":{"start":{"line":8,"column":0},"end":{"line":8,"column":31}},"8":{"start":{"line":9,"column":0},"end":{"line":9,"column":35}}},"fnMap":{},"branchMap":{},"s":{"0":1,"1":1,"2":1,"3":1,"4":1,"5":1,"6":1,"7":1,"8":1},"f":{},"b":{}}
,"/home/domwick/Documents/Driven/projects/drivent1-ref-initial/src/errors/invalid-data-error.ts": {"path":"/home/domwick/Documents/Driven/projects/drivent1-ref-initial/src/errors/invalid-data-error.ts","statementMap":{"0":{"start":{"line":4,"column":2},"end":{"line":8,"column":4}},"1":{"start":{"line":3,"column":0},"end":{"line":3,"column":16}}},"fnMap":{"0":{"name":"invalidDataError","decl":{"start":{"line":3,"column":16},"end":{"line":3,"column":32}},"loc":{"start":{"line":3,"column":50},"end":{"line":9,"column":1}}}},"branchMap":{},"s":{"0":0,"1":1},"f":{"0":0},"b":{}}
,"/home/domwick/Documents/Driven/projects/drivent1-ref-initial/src/errors/invalid-email-error.ts": {"path":"/home/domwick/Documents/Driven/projects/drivent1-ref-initial/src/errors/invalid-email-error.ts","statementMap":{"0":{"start":{"line":4,"column":2},"end":{"line":8,"column":4}},"1":{"start":{"line":3,"column":0},"end":{"line":3,"column":16}}},"fnMap":{"0":{"name":"invalidEmailError","decl":{"start":{"line":3,"column":16},"end":{"line":3,"column":33}},"loc":{"start":{"line":3,"column":47},"end":{"line":9,"column":1}}}},"branchMap":{},"s":{"0":0,"1":1},"f":{"0":0},"b":{}}
,"/home/domwick/Documents/Driven/projects/drivent1-ref-initial/src/errors/not-found-error.ts": {"path":"/home/domwick/Documents/Driven/projects/drivent1-ref-initial/src/errors/not-found-error.ts","statementMap":{"0":{"start":{"line":4,"column":2},"end":{"line":7,"column":4}},"1":{"start":{"line":3,"column":0},"end":{"line":3,"column":16}},"2":{"start":{"line":11,"column":2},"end":{"line":14,"column":4}},"3":{"start":{"line":10,"column":0},"end":{"line":10,"column":16}},"4":{"start":{"line":18,"column":2},"end":{"line":21,"column":4}},"5":{"start":{"line":17,"column":0},"end":{"line":17,"column":16}},"6":{"start":{"line":25,"column":2},"end":{"line":28,"column":4}},"7":{"start":{"line":24,"column":0},"end":{"line":24,"column":16}},"8":{"start":{"line":32,"column":2},"end":{"line":35,"column":4}},"9":{"start":{"line":31,"column":0},"end":{"line":31,"column":16}},"10":{"start":{"line":39,"column":2},"end":{"line":42,"column":4}},"11":{"start":{"line":38,"column":0},"end":{"line":38,"column":16}}},"fnMap":{"0":{"name":"notFoundError","decl":{"start":{"line":3,"column":16},"end":{"line":3,"column":29}},"loc":{"start":{"line":3,"column":29},"end":{"line":8,"column":1}}},"1":{"name":"noCEPMatch","decl":{"start":{"line":10,"column":16},"end":{"line":10,"column":26}},"loc":{"start":{"line":10,"column":26},"end":{"line":15,"column":1}}},"2":{"name":"noEnrollmentFound","decl":{"start":{"line":17,"column":16},"end":{"line":17,"column":33}},"loc":{"start":{"line":17,"column":33},"end":{"line":22,"column":1}}},"3":{"name":"noHotelsFoundError","decl":{"start":{"line":24,"column":16},"end":{"line":24,"column":34}},"loc":{"start":{"line":24,"column":34},"end":{"line":29,"column":1}}},"4":{"name":"roomNotFoundError","decl":{"start":{"line":31,"column":16},"end":{"line":31,"column":33}},"loc":{"start":{"line":31,"column":33},"end":{"line":36,"column":1}}},"5":{"name":"bookingNotFoundError","decl":{"start":{"line":38,"column":16},"end":{"line":38,"column":36}},"loc":{"start":{"line":38,"column":36},"end":{"line":43,"column":1}}}},"branchMap":{},"s":{"0":0,"1":1,"2":0,"3":1,"4":0,"5":1,"6":0,"7":1,"8":1,"9":1,"10":1,"11":1},"f":{"0":0,"1":0,"2":0,"3":0,"4":1,"5":1},"b":{}}
,"/home/domwick/Documents/Driven/projects/drivent1-ref-initial/src/errors/request-error.ts": {"path":"/home/domwick/Documents/Driven/projects/drivent1-ref-initial/src/errors/request-error.ts","statementMap":{"0":{"start":{"line":4,"column":2},"end":{"line":10,"column":4}},"1":{"start":{"line":3,"column":0},"end":{"line":3,"column":16}}},"fnMap":{"0":{"name":"requestError","decl":{"start":{"line":3,"column":16},"end":{"line":3,"column":28}},"loc":{"start":{"line":3,"column":63},"end":{"line":11,"column":1}}}},"branchMap":{},"s":{"0":0,"1":1},"f":{"0":0},"b":{}}
,"/home/domwick/Documents/Driven/projects/drivent1-ref-initial/src/errors/ticket-error.ts": {"path":"/home/domwick/Documents/Driven/projects/drivent1-ref-initial/src/errors/ticket-error.ts","statementMap":{"0":{"start":{"line":4,"column":2},"end":{"line":7,"column":4}},"1":{"start":{"line":3,"column":0},"end":{"line":3,"column":16}},"2":{"start":{"line":11,"column":2},"end":{"line":14,"column":4}},"3":{"start":{"line":10,"column":0},"end":{"line":10,"column":16}},"4":{"start":{"line":18,"column":2},"end":{"line":21,"column":4}},"5":{"start":{"line":17,"column":0},"end":{"line":17,"column":16}},"6":{"start":{"line":25,"column":2},"end":{"line":28,"column":4}},"7":{"start":{"line":24,"column":0},"end":{"line":24,"column":16}},"8":{"start":{"line":32,"column":2},"end":{"line":35,"column":4}},"9":{"start":{"line":31,"column":0},"end":{"line":31,"column":16}},"10":{"start":{"line":39,"column":2},"end":{"line":42,"column":4}},"11":{"start":{"line":38,"column":0},"end":{"line":38,"column":16}}},"fnMap":{"0":{"name":"ticketIdError","decl":{"start":{"line":3,"column":16},"end":{"line":3,"column":29}},"loc":{"start":{"line":3,"column":29},"end":{"line":8,"column":1}}},"1":{"name":"ticketNotFound","decl":{"start":{"line":10,"column":16},"end":{"line":10,"column":30}},"loc":{"start":{"line":10,"column":30},"end":{"line":15,"column":1}}},"2":{"name":"ticketOwnerError","decl":{"start":{"line":17,"column":16},"end":{"line":17,"column":32}},"loc":{"start":{"line":17,"column":32},"end":{"line":22,"column":1}}},"3":{"name":"notPaidTicketError","decl":{"start":{"line":24,"column":16},"end":{"line":24,"column":34}},"loc":{"start":{"line":24,"column":34},"end":{"line":29,"column":1}}},"4":{"name":"remoteTicketError","decl":{"start":{"line":31,"column":16},"end":{"line":31,"column":33}},"loc":{"start":{"line":31,"column":33},"end":{"line":36,"column":1}}},"5":{"name":"hotelNotIncludedError","decl":{"start":{"line":38,"column":16},"end":{"line":38,"column":37}},"loc":{"start":{"line":38,"column":37},"end":{"line":43,"column":1}}}},"branchMap":{},"s":{"0":0,"1":1,"2":0,"3":1,"4":0,"5":1,"6":1,"7":1,"8":0,"9":1,"10":0,"11":1},"f":{"0":0,"1":0,"2":0,"3":1,"4":0,"5":0},"b":{}}
,"/home/domwick/Documents/Driven/projects/drivent1-ref-initial/src/errors/unauthorized-error.ts": {"path":"/home/domwick/Documents/Driven/projects/drivent1-ref-initial/src/errors/unauthorized-error.ts","statementMap":{"0":{"start":{"line":4,"column":2},"end":{"line":7,"column":4}},"1":{"start":{"line":3,"column":0},"end":{"line":3,"column":16}}},"fnMap":{"0":{"name":"unauthorizedError","decl":{"start":{"line":3,"column":16},"end":{"line":3,"column":33}},"loc":{"start":{"line":3,"column":33},"end":{"line":8,"column":1}}}},"branchMap":{},"s":{"0":6,"1":1},"f":{"0":6},"b":{}}
,"/home/domwick/Documents/Driven/projects/drivent1-ref-initial/src/helpers/bookingTicketValidation.ts": {"path":"/home/domwick/Documents/Driven/projects/drivent1-ref-initial/src/helpers/bookingTicketValidation.ts","statementMap":{"0":{"start":{"line":1,"column":0},"end":{"line":1,"column":141}},"1":{"start":{"line":2,"column":0},"end":{"line":2,"column":66}},"2":{"start":{"line":3,"column":0},"end":{"line":3,"column":72}},"3":{"start":{"line":6,"column":21},"end":{"line":6,"column":79}},"4":{"start":{"line":7,"column":2},"end":{"line":7,"column":45}},"5":{"start":{"line":7,"column":19},"end":{"line":7,"column":45}},"6":{"start":{"line":8,"column":17},"end":{"line":8,"column":79}},"7":{"start":{"line":9,"column":2},"end":{"line":9,"column":38}},"8":{"start":{"line":9,"column":15},"end":{"line":9,"column":38}},"9":{"start":{"line":10,"column":2},"end":{"line":10,"column":70}},"10":{"start":{"line":10,"column":45},"end":{"line":10,"column":70}},"11":{"start":{"line":11,"column":2},"end":{"line":11,"column":59}},"12":{"start":{"line":11,"column":32},"end":{"line":11,"column":59}},"13":{"start":{"line":12,"column":2},"end":{"line":12,"column":60}},"14":{"start":{"line":12,"column":34},"end":{"line":12,"column":60}},"15":{"start":{"line":13,"column":2},"end":{"line":13,"column":70}},"16":{"start":{"line":13,"column":40},"end":{"line":13,"column":70}},"17":{"start":{"line":14,"column":2},"end":{"line":14,"column":32}},"18":{"start":{"line":5,"column":0},"end":{"line":5,"column":7}}},"fnMap":{"0":{"name":"verifyTicketForBooking","decl":{"start":{"line":5,"column":22},"end":{"line":5,"column":44}},"loc":{"start":{"line":5,"column":59},"end":{"line":15,"column":1}}}},"branchMap":{"0":{"loc":{"start":{"line":7,"column":2},"end":{"line":7,"column":45}},"type":"if","locations":[{"start":{"line":7,"column":2},"end":{"line":7,"column":45}}]},"1":{"loc":{"start":{"line":9,"column":2},"end":{"line":9,"column":38}},"type":"if","locations":[{"start":{"line":9,"column":2},"end":{"line":9,"column":38}}]},"2":{"loc":{"start":{"line":10,"column":2},"end":{"line":10,"column":70}},"type":"if","locations":[{"start":{"line":10,"column":2},"end":{"line":10,"column":70}}]},"3":{"loc":{"start":{"line":11,"column":2},"end":{"line":11,"column":59}},"type":"if","locations":[{"start":{"line":11,"column":2},"end":{"line":11,"column":59}}]},"4":{"loc":{"start":{"line":12,"column":2},"end":{"line":12,"column":60}},"type":"if","locations":[{"start":{"line":12,"column":2},"end":{"line":12,"column":60}}]},"5":{"loc":{"start":{"line":13,"column":2},"end":{"line":13,"column":70}},"type":"if","locations":[{"start":{"line":13,"column":2},"end":{"line":13,"column":70}}]}},"s":{"0":1,"1":1,"2":1,"3":6,"4":6,"5":0,"6":6,"7":6,"8":0,"9":6,"10":0,"11":6,"12":1,"13":5,"14":0,"15":5,"16":0,"17":5,"18":1},"f":{"0":6},"b":{"0":[0],"1":[0],"2":[0],"3":[1],"4":[0],"5":[0]}}
,"/home/domwick/Documents/Driven/projects/drivent1-ref-initial/src/helpers/index.ts": {"path":"/home/domwick/Documents/Driven/projects/drivent1-ref-initial/src/helpers/index.ts","statementMap":{"0":{"start":{"line":1,"column":0},"end":{"line":1,"column":50}},"1":{"start":{"line":2,"column":0},"end":{"line":2,"column":50}}},"fnMap":{},"branchMap":{},"s":{"0":1,"1":1},"f":{},"b":{}}
,"/home/domwick/Documents/Driven/projects/drivent1-ref-initial/src/helpers/paymentTicketValidation.ts": {"path":"/home/domwick/Documents/Driven/projects/drivent1-ref-initial/src/helpers/paymentTicketValidation.ts","statementMap":{"0":{"start":{"line":1,"column":0},"end":{"line":1,"column":94}},"1":{"start":{"line":2,"column":0},"end":{"line":2,"column":66}},"2":{"start":{"line":3,"column":0},"end":{"line":3,"column":72}},"3":{"start":{"line":6,"column":2},"end":{"line":6,"column":39}},"4":{"start":{"line":6,"column":17},"end":{"line":6,"column":39}},"5":{"start":{"line":7,"column":21},"end":{"line":7,"column":79}},"6":{"start":{"line":8,"column":2},"end":{"line":8,"column":45}},"7":{"start":{"line":8,"column":19},"end":{"line":8,"column":45}},"8":{"start":{"line":9,"column":17},"end":{"line":9,"column":79}},"9":{"start":{"line":10,"column":2},"end":{"line":10,"column":38}},"10":{"start":{"line":10,"column":15},"end":{"line":10,"column":38}},"11":{"start":{"line":11,"column":2},"end":{"line":11,"column":70}},"12":{"start":{"line":11,"column":45},"end":{"line":11,"column":70}},"13":{"start":{"line":12,"column":2},"end":{"line":12,"column":32}},"14":{"start":{"line":5,"column":0},"end":{"line":5,"column":7}}},"fnMap":{"0":{"name":"verifyTicketAndEnrollment","decl":{"start":{"line":5,"column":22},"end":{"line":5,"column":47}},"loc":{"start":{"line":5,"column":80},"end":{"line":13,"column":1}}}},"branchMap":{"0":{"loc":{"start":{"line":6,"column":2},"end":{"line":6,"column":39}},"type":"if","locations":[{"start":{"line":6,"column":2},"end":{"line":6,"column":39}}]},"1":{"loc":{"start":{"line":8,"column":2},"end":{"line":8,"column":45}},"type":"if","locations":[{"start":{"line":8,"column":2},"end":{"line":8,"column":45}}]},"2":{"loc":{"start":{"line":10,"column":2},"end":{"line":10,"column":38}},"type":"if","locations":[{"start":{"line":10,"column":2},"end":{"line":10,"column":38}}]},"3":{"loc":{"start":{"line":11,"column":2},"end":{"line":11,"column":70}},"type":"if","locations":[{"start":{"line":11,"column":2},"end":{"line":11,"column":70}}]}},"s":{"0":1,"1":1,"2":1,"3":0,"4":0,"5":0,"6":0,"7":0,"8":0,"9":0,"10":0,"11":0,"12":0,"13":0,"14":1},"f":{"0":0},"b":{"0":[0],"1":[0],"2":[0],"3":[0]}}
,"/home/domwick/Documents/Driven/projects/drivent1-ref-initial/src/middlewares/authentication-middleware.ts": {"path":"/home/domwick/Documents/Driven/projects/drivent1-ref-initial/src/middlewares/authentication-middleware.ts","statementMap":{"0":{"start":{"line":2,"column":0},"end":{"line":2,"column":37}},"1":{"start":{"line":3,"column":0},"end":{"line":3,"column":36}},"2":{"start":{"line":5,"column":0},"end":{"line":5,"column":45}},"3":{"start":{"line":6,"column":0},"end":{"line":6,"column":34}},"4":{"start":{"line":9,"column":21},"end":{"line":9,"column":48}},"5":{"start":{"line":10,"column":2},"end":{"line":10,"column":60}},"6":{"start":{"line":10,"column":19},"end":{"line":10,"column":60}},"7":{"start":{"line":12,"column":16},"end":{"line":12,"column":40}},"8":{"start":{"line":13,"column":2},"end":{"line":13,"column":55}},"9":{"start":{"line":13,"column":14},"end":{"line":13,"column":55}},"10":{"start":{"line":15,"column":2},"end":{"line":30,"column":null}},"11":{"start":{"line":16,"column":23},"end":{"line":16,"column":78}},"12":{"start":{"line":18,"column":20},"end":{"line":22,"column":6}},"13":{"start":{"line":23,"column":4},"end":{"line":23,"column":59}},"14":{"start":{"line":23,"column":18},"end":{"line":23,"column":59}},"15":{"start":{"line":25,"column":4},"end":{"line":25,"column":24}},"16":{"start":{"line":27,"column":4},"end":{"line":27,"column":18}},"17":{"start":{"line":29,"column":4},"end":{"line":29,"column":45}},"18":{"start":{"line":8,"column":0},"end":{"line":8,"column":7}},"19":{"start":{"line":34,"column":2},"end":{"line":34,"column":64}}},"fnMap":{"0":{"name":"authenticateToken","decl":{"start":{"line":8,"column":22},"end":{"line":8,"column":39}},"loc":{"start":{"line":8,"column":100},"end":{"line":31,"column":1}}},"1":{"name":"generateUnauthorizedResponse","decl":{"start":{"line":33,"column":9},"end":{"line":33,"column":37}},"loc":{"start":{"line":33,"column":51},"end":{"line":35,"column":1}}}},"branchMap":{"0":{"loc":{"start":{"line":10,"column":2},"end":{"line":10,"column":60}},"type":"if","locations":[{"start":{"line":10,"column":2},"end":{"line":10,"column":60}}]},"1":{"loc":{"start":{"line":13,"column":2},"end":{"line":13,"column":55}},"type":"if","locations":[{"start":{"line":13,"column":2},"end":{"line":13,"column":55}}]},"2":{"loc":{"start":{"line":23,"column":4},"end":{"line":23,"column":59}},"type":"if","locations":[{"start":{"line":23,"column":4},"end":{"line":23,"column":59}}]}},"s":{"0":1,"1":1,"2":1,"3":1,"4":12,"5":12,"6":2,"7":10,"8":10,"9":0,"10":10,"11":10,"12":8,"13":8,"14":2,"15":6,"16":6,"17":2,"18":1,"19":6},"f":{"0":12,"1":6},"b":{"0":[2],"1":[0],"2":[2]}}
,"/home/domwick/Documents/Driven/projects/drivent1-ref-initial/src/middlewares/error-handling-middleware.ts": {"path":"/home/domwick/Documents/Driven/projects/drivent1-ref-initial/src/middlewares/error-handling-middleware.ts","statementMap":{"0":{"start":{"line":2,"column":0},"end":{"line":2,"column":37}},"1":{"start":{"line":11,"column":2},"end":{"line":15,"column":null}},"2":{"start":{"line":12,"column":4},"end":{"line":14,"column":7}},"3":{"start":{"line":17,"column":2},"end":{"line":21,"column":null}},"4":{"start":{"line":18,"column":4},"end":{"line":20,"column":7}},"5":{"start":{"line":23,"column":2},"end":{"line":27,"column":null}},"6":{"start":{"line":24,"column":4},"end":{"line":26,"column":7}},"7":{"start":{"line":29,"column":2},"end":{"line":33,"column":null}},"8":{"start":{"line":30,"column":4},"end":{"line":32,"column":7}},"9":{"start":{"line":35,"column":2},"end":{"line":39,"column":null}},"10":{"start":{"line":36,"column":4},"end":{"line":38,"column":7}},"11":{"start":{"line":41,"column":2},"end":{"line":43,"column":null}},"12":{"start":{"line":42,"column":4},"end":{"line":42,"column":50}},"13":{"start":{"line":44,"column":2},"end":{"line":46,"column":null}},"14":{"start":{"line":45,"column":4},"end":{"line":45,"column":48}},"15":{"start":{"line":47,"column":2},"end":{"line":49,"column":null}},"16":{"start":{"line":48,"column":4},"end":{"line":48,"column":51}},"17":{"start":{"line":52,"column":2},"end":{"line":52,"column":26}},"18":{"start":{"line":53,"column":2},"end":{"line":56,"column":5}},"19":{"start":{"line":5,"column":0},"end":{"line":5,"column":16}}},"fnMap":{"0":{"name":"handleApplicationErrors","decl":{"start":{"line":5,"column":16},"end":{"line":5,"column":39}},"loc":{"start":{"line":9,"column":20},"end":{"line":57,"column":1}}}},"branchMap":{"0":{"loc":{"start":{"line":11,"column":2},"end":{"line":15,"column":null}},"type":"if","locations":[{"start":{"line":11,"column":2},"end":{"line":15,"column":null}}]},"1":{"loc":{"start":{"line":17,"column":2},"end":{"line":21,"column":null}},"type":"if","locations":[{"start":{"line":17,"column":2},"end":{"line":21,"column":null}}]},"2":{"loc":{"start":{"line":17,"column":6},"end":{"line":17,"column":73}},"type":"binary-expr","locations":[{"start":{"line":17,"column":6},"end":{"line":17,"column":34}},{"start":{"line":17,"column":38},"end":{"line":17,"column":73}}]},"3":{"loc":{"start":{"line":23,"column":2},"end":{"line":27,"column":null}},"type":"if","locations":[{"start":{"line":23,"column":2},"end":{"line":27,"column":null}}]},"4":{"loc":{"start":{"line":29,"column":2},"end":{"line":33,"column":null}},"type":"if","locations":[{"start":{"line":29,"column":2},"end":{"line":33,"column":null}}]},"5":{"loc":{"start":{"line":35,"column":2},"end":{"line":39,"column":null}},"type":"if","locations":[{"start":{"line":35,"column":2},"end":{"line":39,"column":null}}]},"6":{"loc":{"start":{"line":41,"column":2},"end":{"line":43,"column":null}},"type":"if","locations":[{"start":{"line":41,"column":2},"end":{"line":43,"column":null}}]},"7":{"loc":{"start":{"line":44,"column":2},"end":{"line":46,"column":null}},"type":"if","locations":[{"start":{"line":44,"column":2},"end":{"line":46,"column":null}}]},"8":{"loc":{"start":{"line":47,"column":2},"end":{"line":49,"column":null}},"type":"if","locations":[{"start":{"line":47,"column":2},"end":{"line":49,"column":null}}]}},"s":{"0":1,"1":0,"2":0,"3":0,"4":0,"5":0,"6":0,"7":0,"8":0,"9":0,"10":0,"11":0,"12":0,"13":0,"14":0,"15":0,"16":0,"17":0,"18":0,"19":1},"f":{"0":0},"b":{"0":[0],"1":[0],"2":[0,0],"3":[0],"4":[0],"5":[0],"6":[0],"7":[0],"8":[0]}}
,"/home/domwick/Documents/Driven/projects/drivent1-ref-initial/src/middlewares/index.ts": {"path":"/home/domwick/Documents/Driven/projects/drivent1-ref-initial/src/middlewares/index.ts","statementMap":{"0":{"start":{"line":1,"column":0},"end":{"line":1,"column":44}},"1":{"start":{"line":2,"column":0},"end":{"line":2,"column":40}},"2":{"start":{"line":3,"column":0},"end":{"line":3,"column":44}}},"fnMap":{},"branchMap":{},"s":{"0":1,"1":1,"2":1},"f":{},"b":{}}
,"/home/domwick/Documents/Driven/projects/drivent1-ref-initial/src/middlewares/validation-middleware.ts": {"path":"/home/domwick/Documents/Driven/projects/drivent1-ref-initial/src/middlewares/validation-middleware.ts","statementMap":{"0":{"start":{"line":2,"column":0},"end":{"line":2,"column":37}},"1":{"start":{"line":4,"column":0},"end":{"line":4,"column":44}},"2":{"start":{"line":7,"column":2},"end":{"line":7,"column":34}},"3":{"start":{"line":6,"column":0},"end":{"line":6,"column":16}},"4":{"start":{"line":11,"column":2},"end":{"line":11,"column":36}},"5":{"start":{"line":10,"column":0},"end":{"line":10,"column":16}},"6":{"start":{"line":15,"column":2},"end":{"line":25,"column":4}},"7":{"start":{"line":16,"column":22},"end":{"line":18,"column":6}},"8":{"start":{"line":20,"column":4},"end":{"line":24,"column":null}},"9":{"start":{"line":21,"column":6},"end":{"line":21,"column":13}},"10":{"start":{"line":23,"column":6},"end":{"line":23,"column":101}},"11":{"start":{"line":23,"column":88},"end":{"line":23,"column":97}}},"fnMap":{"0":{"name":"validateBody","decl":{"start":{"line":6,"column":16},"end":{"line":6,"column":28}},"loc":{"start":{"line":6,"column":55},"end":{"line":8,"column":1}}},"1":{"name":"validateParams","decl":{"start":{"line":10,"column":16},"end":{"line":10,"column":30}},"loc":{"start":{"line":10,"column":57},"end":{"line":12,"column":1}}},"2":{"name":"validate","decl":{"start":{"line":14,"column":9},"end":{"line":14,"column":17}},"loc":{"start":{"line":14,"column":63},"end":{"line":26,"column":1}}},"3":{"name":"(anonymous_4)","decl":{"start":{"line":15,"column":9},"end":{"line":15,"column":10}},"loc":{"start":{"line":15,"column":61},"end":{"line":25,"column":3}}},"4":{"name":"(anonymous_5)","decl":{"start":{"line":23,"column":81},"end":{"line":23,"column":82}},"loc":{"start":{"line":23,"column":88},"end":{"line":23,"column":97}}}},"branchMap":{"0":{"loc":{"start":{"line":20,"column":4},"end":{"line":24,"column":null}},"type":"if","locations":[{"start":{"line":20,"column":4},"end":{"line":24,"column":null}},{"start":{"line":22,"column":11},"end":{"line":24,"column":null}}]}},"s":{"0":1,"1":1,"2":7,"3":1,"4":0,"5":1,"6":7,"7":3,"8":3,"9":3,"10":0,"11":0},"f":{"0":7,"1":0,"2":7,"3":3,"4":0},"b":{"0":[3,0]}}
,"/home/domwick/Documents/Driven/projects/drivent1-ref-initial/src/repositories/address-repository/index.ts": {"path":"/home/domwick/Documents/Driven/projects/drivent1-ref-initial/src/repositories/address-repository/index.ts","statementMap":{"0":{"start":{"line":2,"column":0},"end":{"line":2,"column":34}},"1":{"start":{"line":5,"column":2},"end":{"line":14,"column":5}},"2":{"start":{"line":20,"column":26},"end":{"line":22,"column":2}},"3":{"start":{"line":24,"column":0},"end":{"line":24,"column":33}}},"fnMap":{"0":{"name":"upsert","decl":{"start":{"line":4,"column":15},"end":{"line":4,"column":21}},"loc":{"start":{"line":4,"column":116},"end":{"line":15,"column":1}}}},"branchMap":{},"s":{"0":1,"1":0,"2":1,"3":1},"f":{"0":0},"b":{}}
,"/home/domwick/Documents/Driven/projects/drivent1-ref-initial/src/repositories/booking-repository/index.ts": {"path":"/home/domwick/Documents/Driven/projects/drivent1-ref-initial/src/repositories/booking-repository/index.ts","statementMap":{"0":{"start":{"line":1,"column":0},"end":{"line":1,"column":34}},"1":{"start":{"line":4,"column":2},"end":{"line":10,"column":5}},"2":{"start":{"line":14,"column":2},"end":{"line":20,"column":5}},"3":{"start":{"line":24,"column":2},"end":{"line":28,"column":5}},"4":{"start":{"line":32,"column":2},"end":{"line":37,"column":5}},"5":{"start":{"line":41,"column":2},"end":{"line":48,"column":5}},"6":{"start":{"line":51,"column":26},"end":{"line":57,"column":2}},"7":{"start":{"line":59,"column":0},"end":{"line":59,"column":33}}},"fnMap":{"0":{"name":"findBooking","decl":{"start":{"line":3,"column":15},"end":{"line":3,"column":26}},"loc":{"start":{"line":3,"column":37},"end":{"line":11,"column":1}}},"1":{"name":"findBookingByUserId","decl":{"start":{"line":13,"column":15},"end":{"line":13,"column":34}},"loc":{"start":{"line":13,"column":49},"end":{"line":21,"column":1}}},"2":{"name":"findBookingByRoom","decl":{"start":{"line":23,"column":15},"end":{"line":23,"column":32}},"loc":{"start":{"line":23,"column":47},"end":{"line":29,"column":1}}},"3":{"name":"createBooking","decl":{"start":{"line":31,"column":15},"end":{"line":31,"column":28}},"loc":{"start":{"line":31,"column":59},"end":{"line":38,"column":1}}},"4":{"name":"updateBooking","decl":{"start":{"line":40,"column":15},"end":{"line":40,"column":28}},"loc":{"start":{"line":40,"column":62},"end":{"line":49,"column":1}}}},"branchMap":{},"s":{"0":1,"1":0,"2":2,"3":2,"4":1,"5":0,"6":1,"7":1},"f":{"0":0,"1":2,"2":2,"3":1,"4":0},"b":{}}
,"/home/domwick/Documents/Driven/projects/drivent1-ref-initial/src/repositories/enrollment-repository/index.ts": {"path":"/home/domwick/Documents/Driven/projects/drivent1-ref-initial/src/repositories/enrollment-repository/index.ts","statementMap":{"0":{"start":{"line":2,"column":0},"end":{"line":2,"column":34}},"1":{"start":{"line":5,"column":2},"end":{"line":10,"column":5}},"2":{"start":{"line":18,"column":2},"end":{"line":24,"column":5}},"3":{"start":{"line":30,"column":29},"end":{"line":33,"column":2}},"4":{"start":{"line":35,"column":0},"end":{"line":35,"column":36}}},"fnMap":{"0":{"name":"findWithAddressByUserId","decl":{"start":{"line":4,"column":15},"end":{"line":4,"column":38}},"loc":{"start":{"line":4,"column":53},"end":{"line":11,"column":1}}},"1":{"name":"upsert","decl":{"start":{"line":13,"column":15},"end":{"line":13,"column":21}},"loc":{"start":{"line":16,"column":43},"end":{"line":25,"column":1}}}},"branchMap":{},"s":{"0":1,"1":6,"2":0,"3":1,"4":1},"f":{"0":6,"1":0},"b":{}}
,"/home/domwick/Documents/Driven/projects/drivent1-ref-initial/src/repositories/event-repository/index.ts": {"path":"/home/domwick/Documents/Driven/projects/drivent1-ref-initial/src/repositories/event-repository/index.ts","statementMap":{"0":{"start":{"line":1,"column":0},"end":{"line":1,"column":34}},"1":{"start":{"line":4,"column":2},"end":{"line":4,"column":34}},"2":{"start":{"line":7,"column":24},"end":{"line":9,"column":2}},"3":{"start":{"line":11,"column":0},"end":{"line":11,"column":31}}},"fnMap":{"0":{"name":"findFirst","decl":{"start":{"line":3,"column":15},"end":{"line":3,"column":24}},"loc":{"start":{"line":3,"column":24},"end":{"line":5,"column":1}}}},"branchMap":{},"s":{"0":1,"1":0,"2":1,"3":1},"f":{"0":0},"b":{}}
,"/home/domwick/Documents/Driven/projects/drivent1-ref-initial/src/repositories/hotel-repository/index.ts": {"path":"/home/domwick/Documents/Driven/projects/drivent1-ref-initial/src/repositories/hotel-repository/index.ts","statementMap":{"0":{"start":{"line":1,"column":0},"end":{"line":1,"column":34}},"1":{"start":{"line":4,"column":2},"end":{"line":4,"column":39}},"2":{"start":{"line":8,"column":2},"end":{"line":11,"column":5}},"3":{"start":{"line":13,"column":24},"end":{"line":16,"column":2}},"4":{"start":{"line":18,"column":0},"end":{"line":18,"column":31}}},"fnMap":{"0":{"name":"getHotels","decl":{"start":{"line":3,"column":15},"end":{"line":3,"column":24}},"loc":{"start":{"line":3,"column":24},"end":{"line":5,"column":1}}},"1":{"name":"getHotelById","decl":{"start":{"line":7,"column":15},"end":{"line":7,"column":27}},"loc":{"start":{"line":7,"column":38},"end":{"line":12,"column":1}}}},"branchMap":{},"s":{"0":1,"1":0,"2":0,"3":1,"4":1},"f":{"0":0,"1":0},"b":{}}
,"/home/domwick/Documents/Driven/projects/drivent1-ref-initial/src/repositories/payment-repository/index.ts": {"path":"/home/domwick/Documents/Driven/projects/drivent1-ref-initial/src/repositories/payment-repository/index.ts","statementMap":{"0":{"start":{"line":2,"column":0},"end":{"line":2,"column":34}},"1":{"start":{"line":5,"column":2},"end":{"line":7,"column":5}},"2":{"start":{"line":11,"column":2},"end":{"line":13,"column":5}},"3":{"start":{"line":16,"column":26},"end":{"line":19,"column":2}},"4":{"start":{"line":21,"column":0},"end":{"line":21,"column":33}}},"fnMap":{"0":{"name":"getPayment","decl":{"start":{"line":4,"column":9},"end":{"line":4,"column":19}},"loc":{"start":{"line":4,"column":36},"end":{"line":8,"column":1}}},"1":{"name":"registerPayment","decl":{"start":{"line":10,"column":9},"end":{"line":10,"column":24}},"loc":{"start":{"line":10,"column":81},"end":{"line":14,"column":1}}}},"branchMap":{},"s":{"0":1,"1":0,"2":0,"3":1,"4":1},"f":{"0":0,"1":0},"b":{}}
,"/home/domwick/Documents/Driven/projects/drivent1-ref-initial/src/repositories/room-repository/index.ts": {"path":"/home/domwick/Documents/Driven/projects/drivent1-ref-initial/src/repositories/room-repository/index.ts","statementMap":{"0":{"start":{"line":1,"column":0},"end":{"line":1,"column":34}},"1":{"start":{"line":4,"column":2},"end":{"line":6,"column":5}},"2":{"start":{"line":9,"column":23},"end":{"line":11,"column":2}},"3":{"start":{"line":13,"column":0},"end":{"line":13,"column":30}}},"fnMap":{"0":{"name":"findRoom","decl":{"start":{"line":3,"column":15},"end":{"line":3,"column":23}},"loc":{"start":{"line":3,"column":34},"end":{"line":7,"column":1}}}},"branchMap":{},"s":{"0":1,"1":3,"2":1,"3":1},"f":{"0":3},"b":{}}
,"/home/domwick/Documents/Driven/projects/drivent1-ref-initial/src/repositories/session-repository/index.ts": {"path":"/home/domwick/Documents/Driven/projects/drivent1-ref-initial/src/repositories/session-repository/index.ts","statementMap":{"0":{"start":{"line":2,"column":0},"end":{"line":2,"column":34}},"1":{"start":{"line":5,"column":2},"end":{"line":7,"column":5}},"2":{"start":{"line":10,"column":26},"end":{"line":12,"column":2}},"3":{"start":{"line":14,"column":0},"end":{"line":14,"column":33}}},"fnMap":{"0":{"name":"create","decl":{"start":{"line":4,"column":15},"end":{"line":4,"column":21}},"loc":{"start":{"line":4,"column":62},"end":{"line":8,"column":1}}}},"branchMap":{},"s":{"0":1,"1":0,"2":1,"3":1},"f":{"0":0},"b":{}}
,"/home/domwick/Documents/Driven/projects/drivent1-ref-initial/src/repositories/tickets-repository/index.ts": {"path":"/home/domwick/Documents/Driven/projects/drivent1-ref-initial/src/repositories/tickets-repository/index.ts","statementMap":{"0":{"start":{"line":1,"column":0},"end":{"line":1,"column":54}},"1":{"start":{"line":2,"column":0},"end":{"line":2,"column":34}},"2":{"start":{"line":5,"column":2},"end":{"line":5,"column":38}},"3":{"start":{"line":9,"column":2},"end":{"line":14,"column":5}},"4":{"start":{"line":18,"column":2},"end":{"line":20,"column":5}},"5":{"start":{"line":24,"column":2},"end":{"line":27,"column":5}},"6":{"start":{"line":31,"column":2},"end":{"line":33,"column":5}},"7":{"start":{"line":37,"column":2},"end":{"line":39,"column":5}},"8":{"start":{"line":43,"column":2},"end":{"line":48,"column":5}},"9":{"start":{"line":51,"column":26},"end":{"line":59,"column":2}},"10":{"start":{"line":61,"column":0},"end":{"line":61,"column":33}}},"fnMap":{"0":{"name":"getTicketsTypes","decl":{"start":{"line":4,"column":9},"end":{"line":4,"column":24}},"loc":{"start":{"line":4,"column":24},"end":{"line":6,"column":1}}},"1":{"name":"getTicketByEnrollmentId","decl":{"start":{"line":8,"column":9},"end":{"line":8,"column":32}},"loc":{"start":{"line":8,"column":53},"end":{"line":15,"column":1}}},"2":{"name":"getTicket","decl":{"start":{"line":17,"column":9},"end":{"line":17,"column":18}},"loc":{"start":{"line":17,"column":29},"end":{"line":21,"column":1}}},"3":{"name":"getTicketWithType","decl":{"start":{"line":23,"column":9},"end":{"line":23,"column":26}},"loc":{"start":{"line":23,"column":37},"end":{"line":28,"column":1}}},"4":{"name":"getTicketType","decl":{"start":{"line":30,"column":9},"end":{"line":30,"column":22}},"loc":{"start":{"line":30,"column":33},"end":{"line":34,"column":1}}},"5":{"name":"createTicket","decl":{"start":{"line":36,"column":9},"end":{"line":36,"column":21}},"loc":{"start":{"line":36,"column":76},"end":{"line":40,"column":1}}},"6":{"name":"updateTicketStatus","decl":{"start":{"line":42,"column":9},"end":{"line":42,"column":27}},"loc":{"start":{"line":42,"column":38},"end":{"line":49,"column":1}}}},"branchMap":{},"s":{"0":1,"1":1,"2":0,"3":6,"4":0,"5":0,"6":0,"7":0,"8":0,"9":1,"10":1},"f":{"0":0,"1":6,"2":0,"3":0,"4":0,"5":0,"6":0},"b":{}}
,"/home/domwick/Documents/Driven/projects/drivent1-ref-initial/src/repositories/user-repository/index.ts": {"path":"/home/domwick/Documents/Driven/projects/drivent1-ref-initial/src/repositories/user-repository/index.ts","statementMap":{"0":{"start":{"line":2,"column":0},"end":{"line":2,"column":34}},"1":{"start":{"line":5,"column":44},"end":{"line":9,"column":4}},"2":{"start":{"line":11,"column":2},"end":{"line":13,"column":null}},"3":{"start":{"line":12,"column":4},"end":{"line":12,"column":27}},"4":{"start":{"line":15,"column":2},"end":{"line":15,"column":40}},"5":{"start":{"line":19,"column":2},"end":{"line":21,"column":5}},"6":{"start":{"line":24,"column":23},"end":{"line":27,"column":2}},"7":{"start":{"line":29,"column":0},"end":{"line":29,"column":30}}},"fnMap":{"0":{"name":"findByEmail","decl":{"start":{"line":4,"column":15},"end":{"line":4,"column":26}},"loc":{"start":{"line":4,"column":68},"end":{"line":16,"column":1}}},"1":{"name":"create","decl":{"start":{"line":18,"column":15},"end":{"line":18,"column":21}},"loc":{"start":{"line":18,"column":59},"end":{"line":22,"column":1}}}},"branchMap":{"0":{"loc":{"start":{"line":11,"column":2},"end":{"line":13,"column":null}},"type":"if","locations":[{"start":{"line":11,"column":2},"end":{"line":13,"column":null}}]}},"s":{"0":1,"1":0,"2":0,"3":0,"4":0,"5":0,"6":1,"7":1},"f":{"0":0,"1":0},"b":{"0":[0]}}
,"/home/domwick/Documents/Driven/projects/drivent1-ref-initial/src/routers/authentication-router.ts": {"path":"/home/domwick/Documents/Driven/projects/drivent1-ref-initial/src/routers/authentication-router.ts","statementMap":{"0":{"start":{"line":1,"column":0},"end":{"line":1,"column":33}},"1":{"start":{"line":2,"column":0},"end":{"line":2,"column":43}},"2":{"start":{"line":3,"column":0},"end":{"line":3,"column":45}},"3":{"start":{"line":4,"column":0},"end":{"line":4,"column":41}},"4":{"start":{"line":6,"column":29},"end":{"line":6,"column":37}},"5":{"start":{"line":10,"column":9},"end":{"line":10,"column":29}},"6":{"start":{"line":8,"column":0},"end":{"line":8,"column":78}}},"fnMap":{},"branchMap":{},"s":{"0":1,"1":1,"2":1,"3":1,"4":1,"5":1,"6":1},"f":{},"b":{}}
,"/home/domwick/Documents/Driven/projects/drivent1-ref-initial/src/routers/bookings-router.ts": {"path":"/home/domwick/Documents/Driven/projects/drivent1-ref-initial/src/routers/bookings-router.ts","statementMap":{"0":{"start":{"line":1,"column":0},"end":{"line":1,"column":33}},"1":{"start":{"line":2,"column":0},"end":{"line":2,"column":64}},"2":{"start":{"line":3,"column":0},"end":{"line":3,"column":73}},"3":{"start":{"line":4,"column":0},"end":{"line":4,"column":59}},"4":{"start":{"line":6,"column":23},"end":{"line":6,"column":31}},"5":{"start":{"line":14,"column":9},"end":{"line":14,"column":23}},"6":{"start":{"line":8,"column":0},"end":{"line":12,"column":66}}},"fnMap":{},"branchMap":{},"s":{"0":1,"1":1,"2":1,"3":1,"4":1,"5":1,"6":1},"f":{},"b":{}}
,"/home/domwick/Documents/Driven/projects/drivent1-ref-initial/src/routers/enrollments-router.ts": {"path":"/home/domwick/Documents/Driven/projects/drivent1-ref-initial/src/routers/enrollments-router.ts","statementMap":{"0":{"start":{"line":1,"column":0},"end":{"line":1,"column":33}},"1":{"start":{"line":2,"column":0},"end":{"line":2,"column":64}},"2":{"start":{"line":3,"column":0},"end":{"line":3,"column":101}},"3":{"start":{"line":4,"column":0},"end":{"line":4,"column":51}},"4":{"start":{"line":6,"column":26},"end":{"line":6,"column":34}},"5":{"start":{"line":14,"column":9},"end":{"line":14,"column":26}},"6":{"start":{"line":8,"column":0},"end":{"line":12,"column":81}}},"fnMap":{},"branchMap":{},"s":{"0":1,"1":1,"2":1,"3":1,"4":1,"5":1,"6":1},"f":{},"b":{}}
,"/home/domwick/Documents/Driven/projects/drivent1-ref-initial/src/routers/events-router.ts": {"path":"/home/domwick/Documents/Driven/projects/drivent1-ref-initial/src/routers/events-router.ts","statementMap":{"0":{"start":{"line":1,"column":0},"end":{"line":1,"column":33}},"1":{"start":{"line":2,"column":0},"end":{"line":2,"column":48}},"2":{"start":{"line":4,"column":21},"end":{"line":4,"column":29}},"3":{"start":{"line":8,"column":9},"end":{"line":8,"column":21}},"4":{"start":{"line":6,"column":0},"end":{"line":6,"column":39}}},"fnMap":{},"branchMap":{},"s":{"0":1,"1":1,"2":1,"3":1,"4":1},"f":{},"b":{}}
,"/home/domwick/Documents/Driven/projects/drivent1-ref-initial/src/routers/hotels-router.ts": {"path":"/home/domwick/Documents/Driven/projects/drivent1-ref-initial/src/routers/hotels-router.ts","statementMap":{"0":{"start":{"line":1,"column":0},"end":{"line":1,"column":33}},"1":{"start":{"line":2,"column":0},"end":{"line":2,"column":50}},"2":{"start":{"line":3,"column":0},"end":{"line":3,"column":74}},"3":{"start":{"line":5,"column":21},"end":{"line":5,"column":29}},"4":{"start":{"line":9,"column":9},"end":{"line":9,"column":21}},"5":{"start":{"line":7,"column":0},"end":{"line":7,"column":93}}},"fnMap":{},"branchMap":{},"s":{"0":1,"1":1,"2":1,"3":1,"4":1,"5":1},"f":{},"b":{}}
,"/home/domwick/Documents/Driven/projects/drivent1-ref-initial/src/routers/index.ts": {"path":"/home/domwick/Documents/Driven/projects/drivent1-ref-initial/src/routers/index.ts","statementMap":{"0":{"start":{"line":1,"column":0},"end":{"line":1,"column":33}},"1":{"start":{"line":2,"column":0},"end":{"line":2,"column":45}},"2":{"start":{"line":3,"column":0},"end":{"line":3,"column":63}},"3":{"start":{"line":4,"column":0},"end":{"line":4,"column":47}},"4":{"start":{"line":5,"column":0},"end":{"line":5,"column":57}},"5":{"start":{"line":6,"column":0},"end":{"line":6,"column":49}},"6":{"start":{"line":7,"column":0},"end":{"line":7,"column":51}},"7":{"start":{"line":8,"column":0},"end":{"line":8,"column":47}},"8":{"start":{"line":9,"column":0},"end":{"line":9,"column":51}},"9":{"start":{"line":11,"column":15},"end":{"line":11,"column":23}},"10":{"start":{"line":13,"column":0},"end":{"line":21,"column":35}},"11":{"start":{"line":23,"column":0},"end":{"line":23,"column":22}}},"fnMap":{},"branchMap":{},"s":{"0":1,"1":1,"2":1,"3":1,"4":1,"5":1,"6":1,"7":1,"8":1,"9":1,"10":1,"11":1},"f":{},"b":{}}
,"/home/domwick/Documents/Driven/projects/drivent1-ref-initial/src/routers/payments-router.ts": {"path":"/home/domwick/Documents/Driven/projects/drivent1-ref-initial/src/routers/payments-router.ts","statementMap":{"0":{"start":{"line":1,"column":0},"end":{"line":1,"column":33}},"1":{"start":{"line":2,"column":0},"end":{"line":2,"column":64}},"2":{"start":{"line":3,"column":0},"end":{"line":3,"column":58}},"3":{"start":{"line":4,"column":0},"end":{"line":4,"column":42}},"4":{"start":{"line":6,"column":23},"end":{"line":6,"column":31}},"5":{"start":{"line":13,"column":9},"end":{"line":13,"column":23}},"6":{"start":{"line":8,"column":0},"end":{"line":11,"column":64}}},"fnMap":{},"branchMap":{},"s":{"0":1,"1":1,"2":1,"3":1,"4":1,"5":1,"6":1},"f":{},"b":{}}
,"/home/domwick/Documents/Driven/projects/drivent1-ref-initial/src/routers/tickets-router.ts": {"path":"/home/domwick/Documents/Driven/projects/drivent1-ref-initial/src/routers/tickets-router.ts","statementMap":{"0":{"start":{"line":1,"column":0},"end":{"line":1,"column":33}},"1":{"start":{"line":2,"column":0},"end":{"line":2,"column":64}},"2":{"start":{"line":3,"column":0},"end":{"line":3,"column":72}},"3":{"start":{"line":4,"column":0},"end":{"line":4,"column":41}},"4":{"start":{"line":6,"column":22},"end":{"line":6,"column":30}},"5":{"start":{"line":14,"column":9},"end":{"line":14,"column":22}},"6":{"start":{"line":8,"column":0},"end":{"line":12,"column":53}}},"fnMap":{},"branchMap":{},"s":{"0":1,"1":1,"2":1,"3":1,"4":1,"5":1,"6":1},"f":{},"b":{}}
,"/home/domwick/Documents/Driven/projects/drivent1-ref-initial/src/routers/users-router.ts": {"path":"/home/domwick/Documents/Driven/projects/drivent1-ref-initial/src/routers/users-router.ts","statementMap":{"0":{"start":{"line":1,"column":0},"end":{"line":1,"column":33}},"1":{"start":{"line":3,"column":0},"end":{"line":3,"column":45}},"2":{"start":{"line":4,"column":0},"end":{"line":4,"column":45}},"3":{"start":{"line":5,"column":0},"end":{"line":5,"column":42}},"4":{"start":{"line":7,"column":20},"end":{"line":7,"column":28}},"5":{"start":{"line":11,"column":9},"end":{"line":11,"column":20}},"6":{"start":{"line":9,"column":0},"end":{"line":9,"column":65}}},"fnMap":{},"branchMap":{},"s":{"0":1,"1":1,"2":1,"3":1,"4":1,"5":1,"6":1},"f":{},"b":{}}
,"/home/domwick/Documents/Driven/projects/drivent1-ref-initial/src/schemas/authentication-schemas.ts": {"path":"/home/domwick/Documents/Driven/projects/drivent1-ref-initial/src/schemas/authentication-schemas.ts","statementMap":{"0":{"start":{"line":1,"column":0},"end":{"line":1,"column":22}},"1":{"start":{"line":4,"column":13},"end":{"line":7,"column":3}}},"fnMap":{},"branchMap":{},"s":{"0":1,"1":1},"f":{},"b":{}}
,"/home/domwick/Documents/Driven/projects/drivent1-ref-initial/src/schemas/bookings-schemas.ts": {"path":"/home/domwick/Documents/Driven/projects/drivent1-ref-initial/src/schemas/bookings-schemas.ts","statementMap":{"0":{"start":{"line":1,"column":0},"end":{"line":1,"column":22}},"1":{"start":{"line":4,"column":13},"end":{"line":6,"column":3}}},"fnMap":{},"branchMap":{},"s":{"0":1,"1":1},"f":{},"b":{}}
,"/home/domwick/Documents/Driven/projects/drivent1-ref-initial/src/schemas/enrollments-schemas.ts": {"path":"/home/domwick/Documents/Driven/projects/drivent1-ref-initial/src/schemas/enrollments-schemas.ts","statementMap":{"0":{"start":{"line":1,"column":0},"end":{"line":1,"column":105}},"1":{"start":{"line":2,"column":0},"end":{"line":2,"column":22}},"2":{"start":{"line":5,"column":28},"end":{"line":5,"column":87}},"3":{"start":{"line":7,"column":28},"end":{"line":7,"column":86}},"4":{"start":{"line":9,"column":36},"end":{"line":9,"column":108}},"5":{"start":{"line":11,"column":13},"end":{"line":28,"column":3}},"6":{"start":{"line":23,"column":39},"end":{"line":23,"column":45}},"7":{"start":{"line":31,"column":2},"end":{"line":31,"column":27}},"8":{"start":{"line":31,"column":14},"end":{"line":31,"column":27}},"9":{"start":{"line":33,"column":2},"end":{"line":35,"column":null}},"10":{"start":{"line":34,"column":4},"end":{"line":34,"column":40}},"11":{"start":{"line":37,"column":2},"end":{"line":37,"column":15}},"12":{"start":{"line":41,"column":2},"end":{"line":41,"column":27}},"13":{"start":{"line":41,"column":14},"end":{"line":41,"column":27}},"14":{"start":{"line":43,"column":2},"end":{"line":45,"column":null}},"15":{"start":{"line":44,"column":4},"end":{"line":44,"column":40}},"16":{"start":{"line":47,"column":2},"end":{"line":47,"column":15}},"17":{"start":{"line":51,"column":2},"end":{"line":51,"column":27}},"18":{"start":{"line":51,"column":14},"end":{"line":51,"column":27}},"19":{"start":{"line":53,"column":2},"end":{"line":55,"column":null}},"20":{"start":{"line":54,"column":4},"end":{"line":54,"column":40}},"21":{"start":{"line":57,"column":2},"end":{"line":57,"column":15}}},"fnMap":{"0":{"name":"(anonymous_1)","decl":{"start":{"line":23,"column":32},"end":{"line":23,"column":33}},"loc":{"start":{"line":23,"column":39},"end":{"line":23,"column":45}}},"1":{"name":"joiCpfValidation","decl":{"start":{"line":30,"column":9},"end":{"line":30,"column":25}},"loc":{"start":{"line":30,"column":75},"end":{"line":38,"column":1}}},"2":{"name":"JoiCepValidation","decl":{"start":{"line":40,"column":9},"end":{"line":40,"column":25}},"loc":{"start":{"line":40,"column":75},"end":{"line":48,"column":1}}},"3":{"name":"joiMobilePhoneValidation","decl":{"start":{"line":50,"column":9},"end":{"line":50,"column":33}},"loc":{"start":{"line":50,"column":83},"end":{"line":58,"column":1}}}},"branchMap":{"0":{"loc":{"start":{"line":31,"column":2},"end":{"line":31,"column":27}},"type":"if","locations":[{"start":{"line":31,"column":2},"end":{"line":31,"column":27}}]},"1":{"loc":{"start":{"line":33,"column":2},"end":{"line":35,"column":null}},"type":"if","locations":[{"start":{"line":33,"column":2},"end":{"line":35,"column":null}}]},"2":{"loc":{"start":{"line":41,"column":2},"end":{"line":41,"column":27}},"type":"if","locations":[{"start":{"line":41,"column":2},"end":{"line":41,"column":27}}]},"3":{"loc":{"start":{"line":43,"column":2},"end":{"line":45,"column":null}},"type":"if","locations":[{"start":{"line":43,"column":2},"end":{"line":45,"column":null}}]},"4":{"loc":{"start":{"line":51,"column":2},"end":{"line":51,"column":27}},"type":"if","locations":[{"start":{"line":51,"column":2},"end":{"line":51,"column":27}}]},"5":{"loc":{"start":{"line":53,"column":2},"end":{"line":55,"column":null}},"type":"if","locations":[{"start":{"line":53,"column":2},"end":{"line":55,"column":null}}]}},"s":{"0":1,"1":1,"2":1,"3":1,"4":1,"5":1,"6":27,"7":0,"8":0,"9":0,"10":0,"11":0,"12":0,"13":0,"14":0,"15":0,"16":0,"17":0,"18":0,"19":0,"20":0,"21":0},"f":{"0":27,"1":0,"2":0,"3":0},"b":{"0":[0],"1":[0],"2":[0],"3":[0],"4":[0],"5":[0]}}
,"/home/domwick/Documents/Driven/projects/drivent1-ref-initial/src/schemas/index.ts": {"path":"/home/domwick/Documents/Driven/projects/drivent1-ref-initial/src/schemas/index.ts","statementMap":{"0":{"start":{"line":1,"column":0},"end":{"line":1,"column":32}},"1":{"start":{"line":2,"column":0},"end":{"line":2,"column":41}},"2":{"start":{"line":3,"column":0},"end":{"line":3,"column":38}},"3":{"start":{"line":4,"column":0},"end":{"line":4,"column":34}},"4":{"start":{"line":5,"column":0},"end":{"line":5,"column":35}}},"fnMap":{},"branchMap":{},"s":{"0":1,"1":1,"2":1,"3":1,"4":1},"f":{},"b":{}}
,"/home/domwick/Documents/Driven/projects/drivent1-ref-initial/src/schemas/payments-schemas.ts": {"path":"/home/domwick/Documents/Driven/projects/drivent1-ref-initial/src/schemas/payments-schemas.ts","statementMap":{"0":{"start":{"line":1,"column":0},"end":{"line":1,"column":22}},"1":{"start":{"line":4,"column":13},"end":{"line":15,"column":3}}},"fnMap":{},"branchMap":{},"s":{"0":1,"1":1},"f":{},"b":{}}
,"/home/domwick/Documents/Driven/projects/drivent1-ref-initial/src/schemas/tickets-schemas.ts": {"path":"/home/domwick/Documents/Driven/projects/drivent1-ref-initial/src/schemas/tickets-schemas.ts","statementMap":{"0":{"start":{"line":1,"column":0},"end":{"line":1,"column":22}},"1":{"start":{"line":4,"column":13},"end":{"line":6,"column":3}}},"fnMap":{},"branchMap":{},"s":{"0":1,"1":1},"f":{},"b":{}}
,"/home/domwick/Documents/Driven/projects/drivent1-ref-initial/src/schemas/users-schemas.ts": {"path":"/home/domwick/Documents/Driven/projects/drivent1-ref-initial/src/schemas/users-schemas.ts","statementMap":{"0":{"start":{"line":1,"column":0},"end":{"line":1,"column":22}},"1":{"start":{"line":4,"column":13},"end":{"line":7,"column":3}}},"fnMap":{},"branchMap":{},"s":{"0":1,"1":1},"f":{},"b":{}}
,"/home/domwick/Documents/Driven/projects/drivent1-ref-initial/src/services/authentication-service/errors.ts": {"path":"/home/domwick/Documents/Driven/projects/drivent1-ref-initial/src/services/authentication-service/errors.ts","statementMap":{"0":{"start":{"line":4,"column":2},"end":{"line":7,"column":4}},"1":{"start":{"line":3,"column":0},"end":{"line":3,"column":16}}},"fnMap":{"0":{"name":"invalidCredentialsError","decl":{"start":{"line":3,"column":16},"end":{"line":3,"column":39}},"loc":{"start":{"line":3,"column":39},"end":{"line":8,"column":1}}}},"branchMap":{},"s":{"0":0,"1":1},"f":{"0":0},"b":{}}
[...]
,"/home/domwick/Documents/Driven/projects/drivent1-ref-initial/src/utils/prisma-utils.ts": {"path":"/home/domwick/Documents/Driven/projects/drivent1-ref-initial/src/utils/prisma-utils.ts","statementMap":{"0":{"start":{"line":2,"column":20},"end":{"line":2,"column":54}},"1":{"start":{"line":3,"column":2},"end":{"line":5,"column":null}},"2":{"start":{"line":4,"column":4},"end":{"line":4,"column":26}},"3":{"start":{"line":6,"column":2},"end":{"line":6,"column":19}},"4":{"start":{"line":1,"column":0},"end":{"line":1,"column":16}}},"fnMap":{"0":{"name":"exclude","decl":{"start":{"line":1,"column":16},"end":{"line":1,"column":23}},"loc":{"start":{"line":1,"column":73},"end":{"line":7,"column":1}}}},"branchMap":{},"s":{"0":0,"1":0,"2":0,"3":0,"4":1},"f":{"0":0},"b":{}}
,"/home/domwick/Documents/Driven/projects/drivent1-ref-initial/src/utils/request.ts": {"path":"/home/domwick/Documents/Driven/projects/drivent1-ref-initial/src/utils/request.ts","statementMap":{"0":{"start":{"line":1,"column":0},"end":{"line":1,"column":26}},"1":{"start":{"line":2,"column":0},"end":{"line":2,"column":40}},"2":{"start":{"line":5,"column":2},"end":{"line":12,"column":null}},"3":{"start":{"line":6,"column":19},"end":{"line":6,"column":39}},"4":{"start":{"line":7,"column":4},"end":{"line":7,"column":18}},"5":{"start":{"line":9,"column":35},"end":{"line":9,"column":49}},"6":{"start":{"line":11,"column":4},"end":{"line":11,"column":44}},"7":{"start":{"line":15,"column":13},"end":{"line":17,"column":2}}},"fnMap":{"0":{"name":"get","decl":{"start":{"line":4,"column":15},"end":{"line":4,"column":18}},"loc":{"start":{"line":4,"column":30},"end":{"line":13,"column":1}}}},"branchMap":{},"s":{"0":1,"1":1,"2":0,"3":0,"4":0,"5":0,"6":0,"7":1},"f":{"0":0},"b":{}}
,"/home/domwick/Documents/Driven/projects/drivent1-ref-initial/tests/helpers.ts": {"path":"/home/domwick/Documents/Driven/projects/drivent1-ref-initial/tests/helpers.ts","statementMap":{"0":{"start":{"line":1,"column":0},"end":{"line":1,"column":36}},"1":{"start":{"line":4,"column":0},"end":{"line":4,"column":41}},"2":{"start":{"line":5,"column":0},"end":{"line":5,"column":61}},"3":{"start":{"line":7,"column":0},"end":{"line":7,"column":34}},"4":{"start":{"line":10,"column":2},"end":{"line":10,"column":38}},"5":{"start":{"line":11,"column":2},"end":{"line":11,"column":38}},"6":{"start":{"line":12,"column":2},"end":{"line":12,"column":37}},"7":{"start":{"line":13,"column":2},"end":{"line":13,"column":41}},"8":{"start":{"line":14,"column":2},"end":{"line":14,"column":36}},"9":{"start":{"line":15,"column":2},"end":{"line":15,"column":38}},"10":{"start":{"line":16,"column":2},"end":{"line":16,"column":38}},"11":{"start":{"line":17,"column":2},"end":{"line":17,"column":35}},"12":{"start":{"line":18,"column":2},"end":{"line":18,"column":36}},"13":{"start":{"line":19,"column":2},"end":{"line":19,"column":35}},"14":{"start":{"line":20,"column":2},"end":{"line":20,"column":41}},"15":{"start":{"line":9,"column":0},"end":{"line":9,"column":7}},"16":{"start":{"line":24,"column":23},"end":{"line":24,"column":51}},"17":{"start":{"line":25,"column":16},"end":{"line":25,"column":77}},"18":{"start":{"line":27,"column":2},"end":{"line":27,"column":29}},"19":{"start":{"line":29,"column":2},"end":{"line":29,"column":15}},"20":{"start":{"line":23,"column":0},"end":{"line":23,"column":7}}},"fnMap":{"0":{"name":"cleanDb","decl":{"start":{"line":9,"column":22},"end":{"line":9,"column":29}},"loc":{"start":{"line":9,"column":29},"end":{"line":21,"column":1}}},"1":{"name":"generateValidToken","decl":{"start":{"line":23,"column":22},"end":{"line":23,"column":40}},"loc":{"start":{"line":23,"column":52},"end":{"line":30,"column":1}}}},"branchMap":{"0":{"loc":{"start":{"line":24,"column":23},"end":{"line":24,"column":51}},"type":"binary-expr","locations":[{"start":{"line":24,"column":23},"end":{"line":24,"column":27}},{"start":{"line":24,"column":32},"end":{"line":24,"column":50}}]}},"s":{"0":1,"1":1,"2":1,"3":1,"4":12,"5":12,"6":12,"7":12,"8":12,"9":12,"10":12,"11":12,"12":12,"13":12,"14":12,"15":1,"16":6,"17":6,"18":6,"19":6,"20":1},"f":{"0":12,"1":6},"b":{"0":[6,0]}}
,"/home/domwick/Documents/Driven/projects/drivent1-ref-initial/tests/factories/bookings-factory.ts": {"path":"/home/domwick/Documents/Driven/projects/drivent1-ref-initial/tests/factories/bookings-factory.ts","statementMap":{"0":{"start":{"line":1,"column":0},"end":{"line":1,"column":34}},"1":{"start":{"line":4,"column":2},"end":{"line":9,"column":5}},"2":{"start":{"line":3,"column":0},"end":{"line":3,"column":7}}},"fnMap":{"0":{"name":"createBooking","decl":{"start":{"line":3,"column":22},"end":{"line":3,"column":35}},"loc":{"start":{"line":3,"column":66},"end":{"line":10,"column":1}}}},"branchMap":{},"s":{"0":1,"1":3,"2":1},"f":{"0":3},"b":{}}
,"/home/domwick/Documents/Driven/projects/drivent1-ref-initial/tests/factories/enrollments-factory.ts": {"path":"/home/domwick/Documents/Driven/projects/drivent1-ref-initial/tests/factories/enrollments-factory.ts","statementMap":{"0":{"start":{"line":1,"column":0},"end":{"line":1,"column":36}},"1":{"start":{"line":2,"column":0},"end":{"line":2,"column":74}},"2":{"start":{"line":5,"column":0},"end":{"line":5,"column":45}},"3":{"start":{"line":6,"column":0},"end":{"line":6,"column":34}},"4":{"start":{"line":9,"column":23},"end":{"line":9,"column":51}},"5":{"start":{"line":11,"column":2},"end":{"line":32,"column":5}},"6":{"start":{"line":8,"column":0},"end":{"line":8,"column":7}},"7":{"start":{"line":36,"column":2},"end":{"line":42,"column":4}},"8":{"start":{"line":35,"column":0},"end":{"line":35,"column":16}}},"fnMap":{"0":{"name":"createEnrollmentWithAddress","decl":{"start":{"line":8,"column":22},"end":{"line":8,"column":49}},"loc":{"start":{"line":8,"column":61},"end":{"line":33,"column":1}}},"1":{"name":"createhAddressWithCEP","decl":{"start":{"line":35,"column":16},"end":{"line":35,"column":37}},"loc":{"start":{"line":35,"column":37},"end":{"line":43,"column":1}}}},"branchMap":{"0":{"loc":{"start":{"line":9,"column":23},"end":{"line":9,"column":51}},"type":"binary-expr","locations":[{"start":{"line":9,"column":23},"end":{"line":9,"column":27}},{"start":{"line":9,"column":32},"end":{"line":9,"column":50}}]}},"s":{"0":1,"1":1,"2":1,"3":1,"4":6,"5":6,"6":1,"7":0,"8":1},"f":{"0":6,"1":0},"b":{"0":[6,0]}}
,"/home/domwick/Documents/Driven/projects/drivent1-ref-initial/tests/factories/events-factory.ts": {"path":"/home/domwick/Documents/Driven/projects/drivent1-ref-initial/tests/factories/events-factory.ts","statementMap":{"0":{"start":{"line":1,"column":0},"end":{"line":1,"column":26}},"1":{"start":{"line":2,"column":0},"end":{"line":2,"column":36}},"2":{"start":{"line":4,"column":0},"end":{"line":4,"column":34}},"3":{"start":{"line":7,"column":2},"end":{"line":15,"column":5}},"4":{"start":{"line":6,"column":0},"end":{"line":6,"column":16}}},"fnMap":{"0":{"name":"createEvent","decl":{"start":{"line":6,"column":16},"end":{"line":6,"column":27}},"loc":{"start":{"line":6,"column":55},"end":{"line":16,"column":1}}}},"branchMap":{"0":{"loc":{"start":{"line":6,"column":28},"end":{"line":6,"column":55}},"type":"default-arg","locations":[{"start":{"line":6,"column":53},"end":{"line":6,"column":55}}]},"1":{"loc":{"start":{"line":9,"column":13},"end":{"line":9,"column":51}},"type":"binary-expr","locations":[{"start":{"line":9,"column":13},"end":{"line":9,"column":25}},{"start":{"line":9,"column":29},"end":{"line":9,"column":51}}]},"2":{"loc":{"start":{"line":10,"column":26},"end":{"line":10,"column":77}},"type":"binary-expr","locations":[{"start":{"line":10,"column":26},"end":{"line":10,"column":51}},{"start":{"line":10,"column":55},"end":{"line":10,"column":77}}]},"3":{"loc":{"start":{"line":11,"column":20},"end":{"line":11,"column":65}},"type":"binary-expr","locations":[{"start":{"line":11,"column":20},"end":{"line":11,"column":39}},{"start":{"line":11,"column":43},"end":{"line":11,"column":65}}]},"4":{"loc":{"start":{"line":12,"column":16},"end":{"line":12,"column":70}},"type":"binary-expr","locations":[{"start":{"line":12,"column":16},"end":{"line":12,"column":31}},{"start":{"line":12,"column":35},"end":{"line":12,"column":70}}]},"5":{"loc":{"start":{"line":13,"column":14},"end":{"line":13,"column":62}},"type":"binary-expr","locations":[{"start":{"line":13,"column":14},"end":{"line":13,"column":27}},{"start":{"line":13,"column":31},"end":{"line":13,"column":62}}]}},"s":{"0":1,"1":1,"2":1,"3":0,"4":1},"f":{"0":0},"b":{"0":[0],"1":[0,0],"2":[0,0],"3":[0,0],"4":[0,0],"5":[0,0]}}
,"/home/domwick/Documents/Driven/projects/drivent1-ref-initial/tests/factories/hotels-factory.ts": {"path":"/home/domwick/Documents/Driven/projects/drivent1-ref-initial/tests/factories/hotels-factory.ts","statementMap":{"0":{"start":{"line":1,"column":0},"end":{"line":1,"column":40}},"1":{"start":{"line":2,"column":0},"end":{"line":2,"column":34}},"2":{"start":{"line":5,"column":2},"end":{"line":16,"column":5}},"3":{"start":{"line":4,"column":0},"end":{"line":4,"column":7}},"4":{"start":{"line":20,"column":2},"end":{"line":25,"column":5}},"5":{"start":{"line":19,"column":0},"end":{"line":19,"column":7}}},"fnMap":{"0":{"name":"createManyHotels","decl":{"start":{"line":4,"column":22},"end":{"line":4,"column":38}},"loc":{"start":{"line":4,"column":38},"end":{"line":17,"column":1}}},"1":{"name":"createHotel","decl":{"start":{"line":19,"column":22},"end":{"line":19,"column":33}},"loc":{"start":{"line":19,"column":33},"end":{"line":26,"column":1}}}},"branchMap":{},"s":{"0":1,"1":1,"2":0,"3":1,"4":5,"5":1},"f":{"0":0,"1":5},"b":{}}
,"/home/domwick/Documents/Driven/projects/drivent1-ref-initial/tests/factories/index.ts": {"path":"/home/domwick/Documents/Driven/projects/drivent1-ref-initial/tests/factories/index.ts","statementMap":{"0":{"start":{"line":1,"column":0},"end":{"line":1,"column":32}},"1":{"start":{"line":2,"column":0},"end":{"line":2,"column":33}},"2":{"start":{"line":3,"column":0},"end":{"line":3,"column":35}},"3":{"start":{"line":4,"column":0},"end":{"line":4,"column":38}},"4":{"start":{"line":5,"column":0},"end":{"line":5,"column":34}},"5":{"start":{"line":6,"column":0},"end":{"line":6,"column":35}},"6":{"start":{"line":7,"column":0},"end":{"line":7,"column":33}},"7":{"start":{"line":8,"column":0},"end":{"line":8,"column":32}},"8":{"start":{"line":9,"column":0},"end":{"line":9,"column":35}}},"fnMap":{},"branchMap":{},"s":{"0":1,"1":1,"2":1,"3":1,"4":1,"5":1,"6":1,"7":1,"8":1},"f":{},"b":{}}
,"/home/domwick/Documents/Driven/projects/drivent1-ref-initial/tests/factories/payments-factory.ts": {"path":"/home/domwick/Documents/Driven/projects/drivent1-ref-initial/tests/factories/payments-factory.ts","statementMap":{"0":{"start":{"line":1,"column":0},"end":{"line":1,"column":36}},"1":{"start":{"line":2,"column":0},"end":{"line":2,"column":34}},"2":{"start":{"line":5,"column":2},"end":{"line":12,"column":5}},"3":{"start":{"line":4,"column":0},"end":{"line":4,"column":7}},"4":{"start":{"line":16,"column":21},"end":{"line":16,"column":40}},"5":{"start":{"line":18,"column":2},"end":{"line":24,"column":4}},"6":{"start":{"line":15,"column":0},"end":{"line":15,"column":16}}},"fnMap":{"0":{"name":"createPayment","decl":{"start":{"line":4,"column":22},"end":{"line":4,"column":35}},"loc":{"start":{"line":4,"column":67},"end":{"line":13,"column":1}}},"1":{"name":"generateCreditCardData","decl":{"start":{"line":15,"column":16},"end":{"line":15,"column":38}},"loc":{"start":{"line":15,"column":38},"end":{"line":25,"column":1}}}},"branchMap":{},"s":{"0":1,"1":1,"2":0,"3":1,"4":0,"5":0,"6":1},"f":{"0":0,"1":0},"b":{}}
,"/home/domwick/Documents/Driven/projects/drivent1-ref-initial/tests/factories/rooms-factory.ts": {"path":"/home/domwick/Documents/Driven/projects/drivent1-ref-initial/tests/factories/rooms-factory.ts","statementMap":{"0":{"start":{"line":1,"column":0},"end":{"line":1,"column":40}},"1":{"start":{"line":2,"column":0},"end":{"line":2,"column":34}},"2":{"start":{"line":5,"column":2},"end":{"line":11,"column":5}},"3":{"start":{"line":4,"column":0},"end":{"line":4,"column":7}}},"fnMap":{"0":{"name":"createRoom","decl":{"start":{"line":4,"column":22},"end":{"line":4,"column":32}},"loc":{"start":{"line":4,"column":48},"end":{"line":12,"column":1}}}},"branchMap":{},"s":{"0":1,"1":1,"2":4,"3":1},"f":{"0":4},"b":{}}
,"/home/domwick/Documents/Driven/projects/drivent1-ref-initial/tests/factories/sessions-factory.ts": {"path":"/home/domwick/Documents/Driven/projects/drivent1-ref-initial/tests/factories/sessions-factory.ts","statementMap":{"0":{"start":{"line":2,"column":0},"end":{"line":2,"column":45}},"1":{"start":{"line":3,"column":0},"end":{"line":3,"column":34}},"2":{"start":{"line":6,"column":15},"end":{"line":6,"column":33}},"3":{"start":{"line":8,"column":2},"end":{"line":13,"column":5}},"4":{"start":{"line":5,"column":0},"end":{"line":5,"column":7}}},"fnMap":{"0":{"name":"createSession","decl":{"start":{"line":5,"column":22},"end":{"line":5,"column":35}},"loc":{"start":{"line":5,"column":49},"end":{"line":14,"column":1}}}},"branchMap":{},"s":{"0":1,"1":1,"2":6,"3":6,"4":1},"f":{"0":6},"b":{}}
,"/home/domwick/Documents/Driven/projects/drivent1-ref-initial/tests/factories/tickets-factory.ts": {"path":"/home/domwick/Documents/Driven/projects/drivent1-ref-initial/tests/factories/tickets-factory.ts","statementMap":{"0":{"start":{"line":1,"column":0},"end":{"line":1,"column":36}},"1":{"start":{"line":3,"column":0},"end":{"line":3,"column":34}},"2":{"start":{"line":6,"column":2},"end":{"line":13,"column":5}},"3":{"start":{"line":5,"column":0},"end":{"line":5,"column":7}},"4":{"start":{"line":17,"column":2},"end":{"line":23,"column":5}},"5":{"start":{"line":16,"column":0},"end":{"line":16,"column":7}},"6":{"start":{"line":27,"column":2},"end":{"line":34,"column":5}},"7":{"start":{"line":26,"column":0},"end":{"line":26,"column":7}},"8":{"start":{"line":38,"column":2},"end":{"line":46,"column":5}},"9":{"start":{"line":37,"column":0},"end":{"line":37,"column":7}}},"fnMap":{"0":{"name":"createTicketType","decl":{"start":{"line":5,"column":22},"end":{"line":5,"column":38}},"loc":{"start":{"line":5,"column":38},"end":{"line":14,"column":1}}},"1":{"name":"createTicket","decl":{"start":{"line":16,"column":22},"end":{"line":16,"column":34}},"loc":{"start":{"line":16,"column":99},"end":{"line":24,"column":1}}},"2":{"name":"updateTicketStatusPaid","decl":{"start":{"line":26,"column":22},"end":{"line":26,"column":44}},"loc":{"start":{"line":26,"column":61},"end":{"line":35,"column":1}}},"3":{"name":"updateTicketIncludesHotel","decl":{"start":{"line":37,"column":22},"end":{"line":37,"column":47}},"loc":{"start":{"line":37,"column":64},"end":{"line":47,"column":1}}}},"branchMap":{},"s":{"0":1,"1":1,"2":6,"3":1,"4":6,"5":1,"6":5,"7":1,"8":6,"9":1},"f":{"0":6,"1":6,"2":5,"3":6},"b":{}}
,"/home/domwick/Documents/Driven/projects/drivent1-ref-initial/tests/factories/users-factory.ts": {"path":"/home/domwick/Documents/Driven/projects/drivent1-ref-initial/tests/factories/users-factory.ts","statementMap":{"0":{"start":{"line":1,"column":0},"end":{"line":1,"column":28}},"1":{"start":{"line":2,"column":0},"end":{"line":2,"column":36}},"2":{"start":{"line":4,"column":0},"end":{"line":4,"column":34}},"3":{"start":{"line":7,"column":27},"end":{"line":7,"column":72}},"4":{"start":{"line":8,"column":25},"end":{"line":8,"column":64}},"5":{"start":{"line":10,"column":2},"end":{"line":15,"column":5}},"6":{"start":{"line":6,"column":0},"end":{"line":6,"column":7}}},"fnMap":{"0":{"name":"createUser","decl":{"start":{"line":6,"column":22},"end":{"line":6,"column":32}},"loc":{"start":{"line":6,"column":59},"end":{"line":16,"column":1}}}},"branchMap":{"0":{"loc":{"start":{"line":6,"column":33},"end":{"line":6,"column":59}},"type":"default-arg","locations":[{"start":{"line":6,"column":57},"end":{"line":6,"column":59}}]},"1":{"loc":{"start":{"line":7,"column":27},"end":{"line":7,"column":72}},"type":"binary-expr","locations":[{"start":{"line":7,"column":27},"end":{"line":7,"column":42}},{"start":{"line":7,"column":46},"end":{"line":7,"column":72}}]},"2":{"loc":{"start":{"line":12,"column":13},"end":{"line":12,"column":51}},"type":"binary-expr","locations":[{"start":{"line":12,"column":13},"end":{"line":12,"column":25}},{"start":{"line":12,"column":29},"end":{"line":12,"column":51}}]}},"s":{"0":1,"1":1,"2":1,"3":14,"4":14,"5":14,"6":1},"f":{"0":14},"b":{"0":[14],"1":[14,14],"2":[14,14]}}
,"/home/domwick/Documents/Driven/projects/drivent1-ref-initial/tests/helpers/validationTests-helpers.ts": {"path":"/home/domwick/Documents/Driven/projects/drivent1-ref-initial/tests/helpers/validationTests-helpers.ts","statementMap":{"0":{"start":{"line":1,"column":0},"end":{"line":1,"column":36}},"1":{"start":{"line":2,"column":0},"end":{"line":2,"column":37}},"2":{"start":{"line":3,"column":0},"end":{"line":3,"column":34}},"3":{"start":{"line":4,"column":0},"end":{"line":4,"column":31}},"4":{"start":{"line":5,"column":0},"end":{"line":5,"column":42}},"5":{"start":{"line":6,"column":0},"end":{"line":6,"column":24}},"6":{"start":{"line":8,"column":15},"end":{"line":8,"column":29}},"7":{"start":{"line":11,"column":2},"end":{"line":15,"column":5}},"8":{"start":{"line":12,"column":21},"end":{"line":12,"column":55}},"9":{"start":{"line":14,"column":4},"end":{"line":14,"column":58}},"10":{"start":{"line":17,"column":2},"end":{"line":23,"column":5}},"11":{"start":{"line":18,"column":18},"end":{"line":18,"column":36}},"12":{"start":{"line":20,"column":21},"end":{"line":20,"column":95}},"13":{"start":{"line":22,"column":4},"end":{"line":22,"column":58}},"14":{"start":{"line":25,"column":2},"end":{"line":32,"column":5}},"15":{"start":{"line":26,"column":31},"end":{"line":26,"column":49}},"16":{"start":{"line":27,"column":18},"end":{"line":27,"column":85}},"17":{"start":{"line":29,"column":21},"end":{"line":29,"column":95}},"18":{"start":{"line":31,"column":4},"end":{"line":31,"column":58}},"19":{"start":{"line":10,"column":0},"end":{"line":10,"column":16}}},"fnMap":{"0":{"name":"invalidTokenVerification","decl":{"start":{"line":10,"column":16},"end":{"line":10,"column":40}},"loc":{"start":{"line":10,"column":54},"end":{"line":33,"column":1}}},"1":{"name":"(anonymous_2)","decl":{"start":{"line":11,"column":60},"end":{"line":11,"column":65}},"loc":{"start":{"line":11,"column":71},"end":{"line":15,"column":3}}},"2":{"name":"(anonymous_3)","decl":{"start":{"line":17,"column":67},"end":{"line":17,"column":72}},"loc":{"start":{"line":17,"column":78},"end":{"line":23,"column":3}}},"3":{"name":"(anonymous_4)","decl":{"start":{"line":25,"column":78},"end":{"line":25,"column":83}},"loc":{"start":{"line":25,"column":89},"end":{"line":32,"column":3}}}},"branchMap":{},"s":{"0":1,"1":1,"2":1,"3":1,"4":1,"5":1,"6":1,"7":2,"8":2,"9":2,"10":2,"11":2,"12":2,"13":2,"14":2,"15":2,"16":2,"17":2,"18":2,"19":1},"f":{"0":2,"1":2,"2":2,"3":2},"b":{}}
}
